{"C:\\Users\\Mithila\\Desktop\\RPMT-main\\RPMT-main\\frontend\\src\\App.js": {"path":"C:\\Users\\Mithila\\Desktop\\RPMT-main\\RPMT-main\\frontend\\src\\App.js","statementMap":{"0":{"start":{"line":31,"column":12},"end":{"line":256,"column":1}},"1":{"start":{"line":33,"column":38},"end":{"line":33,"column":53}},"2":{"start":{"line":35,"column":2},"end":{"line":43,"column":9}},"3":{"start":{"line":36,"column":4},"end":{"line":42,"column":7}},"4":{"start":{"line":37,"column":6},"end":{"line":41,"column":7}},"5":{"start":{"line":38,"column":8},"end":{"line":38,"column":28}},"6":{"start":{"line":40,"column":8},"end":{"line":40,"column":29}},"7":{"start":{"line":46,"column":22},"end":{"line":51,"column":3}},"8":{"start":{"line":47,"column":4},"end":{"line":50,"column":7}},"9":{"start":{"line":52,"column":2},"end":{"line":255,"column":4}}},"fnMap":{"0":{"name":"(anonymous_0)","decl":{"start":{"line":31,"column":12},"end":{"line":31,"column":13}},"loc":{"start":{"line":31,"column":18},"end":{"line":256,"column":1}},"line":31},"1":{"name":"(anonymous_1)","decl":{"start":{"line":35,"column":12},"end":{"line":35,"column":13}},"loc":{"start":{"line":35,"column":18},"end":{"line":43,"column":3}},"line":35},"2":{"name":"(anonymous_2)","decl":{"start":{"line":36,"column":38},"end":{"line":36,"column":39}},"loc":{"start":{"line":36,"column":44},"end":{"line":42,"column":5}},"line":36},"3":{"name":"(anonymous_3)","decl":{"start":{"line":46,"column":22},"end":{"line":46,"column":23}},"loc":{"start":{"line":46,"column":28},"end":{"line":51,"column":3}},"line":46}},"branchMap":{"0":{"loc":{"start":{"line":37,"column":6},"end":{"line":41,"column":7}},"type":"if","locations":[{"start":{"line":37,"column":6},"end":{"line":41,"column":7}},{"start":{"line":39,"column":13},"end":{"line":41,"column":7}}],"line":37},"1":{"loc":{"start":{"line":247,"column":9},"end":{"line":251,"column":9}},"type":"binary-expr","locations":[{"start":{"line":247,"column":9},"end":{"line":247,"column":19}},{"start":{"line":248,"column":10},"end":{"line":250,"column":19}}],"line":247}},"s":{"0":10,"1":23,"2":22,"3":10,"4":9,"5":5,"6":4,"7":22,"8":0,"9":22},"f":{"0":23,"1":10,"2":9,"3":0},"b":{"0":[5,4],"1":[22,2]},"_coverageSchema":"1a1c01bbd47fc00a2c39e90264f33305004495a9","hash":"17472d290c407e162a9c9040879c1730ed1feb46"}
,"C:\\Users\\Mithila\\Desktop\\RPMT-main\\RPMT-main\\frontend\\src\\index.js": {"path":"C:\\Users\\Mithila\\Desktop\\RPMT-main\\RPMT-main\\frontend\\src\\index.js","statementMap":{"0":{"start":{"line":6,"column":0},"end":{"line":11,"column":2}}},"fnMap":{},"branchMap":{},"s":{"0":10},"f":{},"b":{},"_coverageSchema":"1a1c01bbd47fc00a2c39e90264f33305004495a9","hash":"42f03bde77242756b3a4383088f1e0789d15098b"}
,"C:\\Users\\Mithila\\Desktop\\RPMT-main\\RPMT-main\\frontend\\src\\components\\Login\\Login.js": {"path":"C:\\Users\\Mithila\\Desktop\\RPMT-main\\RPMT-main\\frontend\\src\\components\\Login\\Login.js","statementMap":{"0":{"start":{"line":18,"column":19},"end":{"line":18,"column":25}},"1":{"start":{"line":20,"column":14},"end":{"line":203,"column":1}},"2":{"start":{"line":21,"column":34},"end":{"line":21,"column":46}},"3":{"start":{"line":22,"column":28},"end":{"line":22,"column":40}},"4":{"start":{"line":23,"column":28},"end":{"line":23,"column":40}},"5":{"start":{"line":24,"column":36},"end":{"line":24,"column":48}},"6":{"start":{"line":25,"column":32},"end":{"line":25,"column":47}},"7":{"start":{"line":26,"column":32},"end":{"line":26,"column":47}},"8":{"start":{"line":28,"column":18},"end":{"line":28,"column":31}},"9":{"start":{"line":30,"column":23},"end":{"line":81,"column":3}},"10":{"start":{"line":33,"column":4},"end":{"line":33,"column":21}},"11":{"start":{"line":34,"column":4},"end":{"line":34,"column":22}},"12":{"start":{"line":36,"column":19},"end":{"line":40,"column":5}},"13":{"start":{"line":42,"column":4},"end":{"line":80,"column":5}},"14":{"start":{"line":43,"column":23},"end":{"line":47,"column":7}},"15":{"start":{"line":49,"column":23},"end":{"line":49,"column":48}},"16":{"start":{"line":51,"column":6},"end":{"line":51,"column":52}},"17":{"start":{"line":52,"column":6},"end":{"line":52,"column":54}},"18":{"start":{"line":53,"column":6},"end":{"line":53,"column":48}},"19":{"start":{"line":54,"column":6},"end":{"line":54,"column":47}},"20":{"start":{"line":56,"column":6},"end":{"line":68,"column":15}},"21":{"start":{"line":59,"column":8},"end":{"line":65,"column":68}},"22":{"start":{"line":59,"column":35},"end":{"line":59,"column":78}},"23":{"start":{"line":60,"column":13},"end":{"line":65,"column":68}},"24":{"start":{"line":60,"column":40},"end":{"line":60,"column":67}},"25":{"start":{"line":61,"column":13},"end":{"line":65,"column":68}},"26":{"start":{"line":62,"column":10},"end":{"line":62,"column":65}},"27":{"start":{"line":63,"column":13},"end":{"line":65,"column":68}},"28":{"start":{"line":64,"column":10},"end":{"line":64,"column":75}},"29":{"start":{"line":65,"column":13},"end":{"line":65,"column":68}},"30":{"start":{"line":67,"column":8},"end":{"line":67,"column":26}},"31":{"start":{"line":70,"column":6},"end":{"line":70,"column":42}},"32":{"start":{"line":71,"column":6},"end":{"line":71,"column":50}},"33":{"start":{"line":72,"column":6},"end":{"line":72,"column":24}},"34":{"start":{"line":73,"column":6},"end":{"line":73,"column":23}},"35":{"start":{"line":74,"column":6},"end":{"line":74,"column":19}},"36":{"start":{"line":75,"column":6},"end":{"line":75,"column":22}},"37":{"start":{"line":76,"column":6},"end":{"line":79,"column":15}},"38":{"start":{"line":77,"column":8},"end":{"line":77,"column":21}},"39":{"start":{"line":78,"column":8},"end":{"line":78,"column":25}},"40":{"start":{"line":83,"column":2},"end":{"line":202,"column":4}},"41":{"start":{"line":130,"column":35},"end":{"line":130,"column":59}},"42":{"start":{"line":140,"column":20},"end":{"line":140,"column":71}},"43":{"start":{"line":144,"column":35},"end":{"line":144,"column":62}}},"fnMap":{"0":{"name":"(anonymous_0)","decl":{"start":{"line":20,"column":14},"end":{"line":20,"column":15}},"loc":{"start":{"line":20,"column":20},"end":{"line":203,"column":1}},"line":20},"1":{"name":"(anonymous_1)","decl":{"start":{"line":30,"column":23},"end":{"line":30,"column":24}},"loc":{"start":{"line":30,"column":36},"end":{"line":81,"column":3}},"line":30},"2":{"name":"(anonymous_2)","decl":{"start":{"line":56,"column":17},"end":{"line":56,"column":18}},"loc":{"start":{"line":56,"column":23},"end":{"line":68,"column":7}},"line":56},"3":{"name":"(anonymous_3)","decl":{"start":{"line":76,"column":17},"end":{"line":76,"column":18}},"loc":{"start":{"line":76,"column":23},"end":{"line":79,"column":7}},"line":76},"4":{"name":"(anonymous_4)","decl":{"start":{"line":130,"column":28},"end":{"line":130,"column":29}},"loc":{"start":{"line":130,"column":35},"end":{"line":130,"column":59}},"line":130},"5":{"name":"(anonymous_5)","decl":{"start":{"line":139,"column":30},"end":{"line":139,"column":31}},"loc":{"start":{"line":140,"column":20},"end":{"line":140,"column":71}},"line":140},"6":{"name":"(anonymous_6)","decl":{"start":{"line":144,"column":28},"end":{"line":144,"column":29}},"loc":{"start":{"line":144,"column":35},"end":{"line":144,"column":62}},"line":144}},"branchMap":{"0":{"loc":{"start":{"line":59,"column":8},"end":{"line":65,"column":68}},"type":"if","locations":[{"start":{"line":59,"column":8},"end":{"line":65,"column":68}},{"start":{"line":60,"column":13},"end":{"line":65,"column":68}}],"line":59},"1":{"loc":{"start":{"line":60,"column":13},"end":{"line":65,"column":68}},"type":"if","locations":[{"start":{"line":60,"column":13},"end":{"line":65,"column":68}},{"start":{"line":61,"column":13},"end":{"line":65,"column":68}}],"line":60},"2":{"loc":{"start":{"line":61,"column":13},"end":{"line":65,"column":68}},"type":"if","locations":[{"start":{"line":61,"column":13},"end":{"line":65,"column":68}},{"start":{"line":63,"column":13},"end":{"line":65,"column":68}}],"line":61},"3":{"loc":{"start":{"line":61,"column":17},"end":{"line":61,"column":76}},"type":"binary-expr","locations":[{"start":{"line":61,"column":17},"end":{"line":61,"column":43}},{"start":{"line":61,"column":47},"end":{"line":61,"column":76}}],"line":61},"4":{"loc":{"start":{"line":63,"column":13},"end":{"line":65,"column":68}},"type":"if","locations":[{"start":{"line":63,"column":13},"end":{"line":65,"column":68}},{"start":{"line":65,"column":13},"end":{"line":65,"column":68}}],"line":63},"5":{"loc":{"start":{"line":107,"column":17},"end":{"line":111,"column":17}},"type":"binary-expr","locations":[{"start":{"line":107,"column":17},"end":{"line":107,"column":22}},{"start":{"line":108,"column":18},"end":{"line":110,"column":25}}],"line":107},"6":{"loc":{"start":{"line":112,"column":17},"end":{"line":116,"column":17}},"type":"binary-expr","locations":[{"start":{"line":112,"column":17},"end":{"line":112,"column":26}},{"start":{"line":113,"column":18},"end":{"line":115,"column":25}}],"line":112},"7":{"loc":{"start":{"line":140,"column":20},"end":{"line":140,"column":71}},"type":"cond-expr","locations":[{"start":{"line":140,"column":30},"end":{"line":140,"column":44}},{"start":{"line":140,"column":47},"end":{"line":140,"column":71}}],"line":140},"8":{"loc":{"start":{"line":158,"column":21},"end":{"line":162,"column":21}},"type":"binary-expr","locations":[{"start":{"line":158,"column":21},"end":{"line":158,"column":28}},{"start":{"line":159,"column":22},"end":{"line":161,"column":30}}],"line":158},"9":{"loc":{"start":{"line":163,"column":21},"end":{"line":185,"column":21}},"type":"cond-expr","locations":[{"start":{"line":164,"column":22},"end":{"line":173,"column":31}},{"start":{"line":175,"column":22},"end":{"line":184,"column":31}}],"line":163},"10":{"loc":{"start":{"line":192,"column":13},"end":{"line":197,"column":13}},"type":"binary-expr","locations":[{"start":{"line":192,"column":13},"end":{"line":192,"column":36}},{"start":{"line":193,"column":14},"end":{"line":196,"column":16}}],"line":192}},"s":{"0":10,"1":10,"2":299,"3":296,"4":296,"5":296,"6":296,"7":296,"8":296,"9":296,"10":4,"11":4,"12":4,"13":4,"14":4,"15":3,"16":3,"17":3,"18":3,"19":3,"20":3,"21":3,"22":0,"23":3,"24":0,"25":3,"26":0,"27":3,"28":0,"29":3,"30":3,"31":1,"32":1,"33":1,"34":1,"35":1,"36":1,"37":1,"38":0,"39":0,"40":296,"41":91,"42":144,"43":36},"f":{"0":299,"1":4,"2":3,"3":0,"4":91,"5":144,"6":36},"b":{"0":[0,3],"1":[0,3],"2":[0,3],"3":[3,3],"4":[0,3],"5":[296,0],"6":[296,10],"7":[0,144],"8":[296,6],"9":[20,276],"10":[296,296]},"_coverageSchema":"1a1c01bbd47fc00a2c39e90264f33305004495a9","hash":"90bfb72a539e7dff32cc7b67b23f00c1200645de"}
,"C:\\Users\\Mithila\\Desktop\\RPMT-main\\RPMT-main\\frontend\\src\\components\\Register\\PasswordResetRequest.js": {"path":"C:\\Users\\Mithila\\Desktop\\RPMT-main\\RPMT-main\\frontend\\src\\components\\Register\\PasswordResetRequest.js","statementMap":{"0":{"start":{"line":9,"column":15},"end":{"line":16,"column":1}},"1":{"start":{"line":17,"column":19},"end":{"line":22,"column":1}},"2":{"start":{"line":24,"column":29},"end":{"line":151,"column":1}},"3":{"start":{"line":25,"column":32},"end":{"line":25,"column":47}},"4":{"start":{"line":27,"column":28},"end":{"line":27,"column":40}},"5":{"start":{"line":28,"column":28},"end":{"line":28,"column":40}},"6":{"start":{"line":29,"column":32},"end":{"line":29,"column":44}},"7":{"start":{"line":31,"column":19},"end":{"line":31,"column":32}},"8":{"start":{"line":33,"column":32},"end":{"line":62,"column":3}},"9":{"start":{"line":36,"column":19},"end":{"line":40,"column":5}},"10":{"start":{"line":42,"column":4},"end":{"line":61,"column":5}},"11":{"start":{"line":43,"column":23},"end":{"line":47,"column":7}},"12":{"start":{"line":49,"column":6},"end":{"line":49,"column":30}},"13":{"start":{"line":50,"column":6},"end":{"line":53,"column":15}},"14":{"start":{"line":51,"column":8},"end":{"line":51,"column":26}},"15":{"start":{"line":52,"column":8},"end":{"line":52,"column":21}},"16":{"start":{"line":55,"column":6},"end":{"line":55,"column":42}},"17":{"start":{"line":56,"column":6},"end":{"line":60,"column":15}},"18":{"start":{"line":57,"column":8},"end":{"line":57,"column":21}},"19":{"start":{"line":58,"column":8},"end":{"line":58,"column":23}},"20":{"start":{"line":59,"column":8},"end":{"line":59,"column":21}},"21":{"start":{"line":64,"column":17},"end":{"line":64,"column":31}},"22":{"start":{"line":66,"column":20},"end":{"line":68,"column":3}},"23":{"start":{"line":67,"column":4},"end":{"line":67,"column":25}},"24":{"start":{"line":70,"column":23},"end":{"line":72,"column":3}},"25":{"start":{"line":71,"column":4},"end":{"line":71,"column":22}},"26":{"start":{"line":74,"column":2},"end":{"line":150,"column":4}},"27":{"start":{"line":85,"column":14},"end":{"line":85,"column":26}},"28":{"start":{"line":86,"column":14},"end":{"line":86,"column":33}},"29":{"start":{"line":135,"column":31},"end":{"line":135,"column":55}}},"fnMap":{"0":{"name":"(anonymous_0)","decl":{"start":{"line":24,"column":29},"end":{"line":24,"column":30}},"loc":{"start":{"line":24,"column":50},"end":{"line":151,"column":1}},"line":24},"1":{"name":"(anonymous_1)","decl":{"start":{"line":33,"column":32},"end":{"line":33,"column":33}},"loc":{"start":{"line":33,"column":44},"end":{"line":62,"column":3}},"line":33},"2":{"name":"(anonymous_2)","decl":{"start":{"line":50,"column":17},"end":{"line":50,"column":18}},"loc":{"start":{"line":50,"column":23},"end":{"line":53,"column":7}},"line":50},"3":{"name":"(anonymous_3)","decl":{"start":{"line":56,"column":17},"end":{"line":56,"column":18}},"loc":{"start":{"line":56,"column":23},"end":{"line":60,"column":7}},"line":56},"4":{"name":"(anonymous_4)","decl":{"start":{"line":66,"column":20},"end":{"line":66,"column":21}},"loc":{"start":{"line":66,"column":26},"end":{"line":68,"column":3}},"line":66},"5":{"name":"(anonymous_5)","decl":{"start":{"line":70,"column":23},"end":{"line":70,"column":24}},"loc":{"start":{"line":70,"column":29},"end":{"line":72,"column":3}},"line":70},"6":{"name":"(anonymous_6)","decl":{"start":{"line":84,"column":21},"end":{"line":84,"column":22}},"loc":{"start":{"line":84,"column":27},"end":{"line":87,"column":13}},"line":84},"7":{"name":"(anonymous_7)","decl":{"start":{"line":135,"column":24},"end":{"line":135,"column":25}},"loc":{"start":{"line":135,"column":31},"end":{"line":135,"column":55}},"line":135}},"branchMap":{"0":{"loc":{"start":{"line":76,"column":7},"end":{"line":92,"column":7}},"type":"cond-expr","locations":[{"start":{"line":77,"column":8},"end":{"line":79,"column":12}},{"start":{"line":81,"column":8},"end":{"line":91,"column":17}}],"line":76},"1":{"loc":{"start":{"line":100,"column":11},"end":{"line":100,"column":65}},"type":"binary-expr","locations":[{"start":{"line":100,"column":11},"end":{"line":100,"column":16}},{"start":{"line":100,"column":20},"end":{"line":100,"column":65}}],"line":100},"2":{"loc":{"start":{"line":101,"column":11},"end":{"line":101,"column":71}},"type":"binary-expr","locations":[{"start":{"line":101,"column":11},"end":{"line":101,"column":18}},{"start":{"line":101,"column":22},"end":{"line":101,"column":71}}],"line":101}},"s":{"0":10,"1":10,"2":10,"3":288,"4":288,"5":288,"6":288,"7":288,"8":288,"9":0,"10":0,"11":0,"12":0,"13":0,"14":0,"15":0,"16":0,"17":0,"18":0,"19":0,"20":0,"21":288,"22":288,"23":0,"24":288,"25":0,"26":288,"27":0,"28":0,"29":0},"f":{"0":288,"1":0,"2":0,"3":0,"4":0,"5":0,"6":0,"7":0},"b":{"0":[288,0],"1":[288,0],"2":[288,0]},"_coverageSchema":"1a1c01bbd47fc00a2c39e90264f33305004495a9","hash":"74333648eb71ec3c7b3fd09530a4300f74459218"}
,"C:\\Users\\Mithila\\Desktop\\RPMT-main\\RPMT-main\\frontend\\src\\components\\Register\\Register.js": {"path":"C:\\Users\\Mithila\\Desktop\\RPMT-main\\RPMT-main\\frontend\\src\\components\\Register\\Register.js","statementMap":{"0":{"start":{"line":27,"column":19},"end":{"line":27,"column":25}},"1":{"start":{"line":29,"column":17},"end":{"line":230,"column":1}},"2":{"start":{"line":30,"column":34},"end":{"line":30,"column":46}},"3":{"start":{"line":31,"column":34},"end":{"line":31,"column":46}},"4":{"start":{"line":32,"column":28},"end":{"line":32,"column":40}},"5":{"start":{"line":33,"column":48},"end":{"line":33,"column":60}},"6":{"start":{"line":34,"column":28},"end":{"line":34,"column":40}},"7":{"start":{"line":35,"column":32},"end":{"line":35,"column":47}},"8":{"start":{"line":36,"column":32},"end":{"line":36,"column":47}},"9":{"start":{"line":37,"column":15},"end":{"line":37,"column":24}},"10":{"start":{"line":39,"column":18},"end":{"line":39,"column":31}},"11":{"start":{"line":41,"column":26},"end":{"line":95,"column":3}},"12":{"start":{"line":44,"column":4},"end":{"line":44,"column":21}},"13":{"start":{"line":45,"column":4},"end":{"line":45,"column":22}},"14":{"start":{"line":47,"column":19},"end":{"line":51,"column":5}},"15":{"start":{"line":53,"column":4},"end":{"line":64,"column":5}},"16":{"start":{"line":55,"column":6},"end":{"line":55,"column":22}},"17":{"start":{"line":56,"column":6},"end":{"line":56,"column":29}},"18":{"start":{"line":57,"column":6},"end":{"line":57,"column":24}},"19":{"start":{"line":58,"column":6},"end":{"line":58,"column":23}},"20":{"start":{"line":59,"column":6},"end":{"line":61,"column":15}},"21":{"start":{"line":60,"column":8},"end":{"line":60,"column":21}},"22":{"start":{"line":63,"column":6},"end":{"line":63,"column":48}},"23":{"start":{"line":66,"column":4},"end":{"line":94,"column":5}},"24":{"start":{"line":67,"column":6},"end":{"line":71,"column":8}},"25":{"start":{"line":73,"column":6},"end":{"line":77,"column":8}},"26":{"start":{"line":78,"column":6},"end":{"line":86,"column":15}},"27":{"start":{"line":79,"column":8},"end":{"line":83,"column":11}},"28":{"start":{"line":84,"column":8},"end":{"line":84,"column":26}},"29":{"start":{"line":85,"column":8},"end":{"line":85,"column":21}},"30":{"start":{"line":88,"column":6},"end":{"line":88,"column":42}},"31":{"start":{"line":89,"column":6},"end":{"line":89,"column":24}},"32":{"start":{"line":90,"column":6},"end":{"line":90,"column":23}},"33":{"start":{"line":91,"column":6},"end":{"line":93,"column":15}},"34":{"start":{"line":92,"column":8},"end":{"line":92,"column":21}},"35":{"start":{"line":97,"column":2},"end":{"line":229,"column":4}},"36":{"start":{"line":137,"column":35},"end":{"line":137,"column":62}},"37":{"start":{"line":147,"column":35},"end":{"line":147,"column":59}},"38":{"start":{"line":158,"column":20},"end":{"line":158,"column":71}},"39":{"start":{"line":162,"column":35},"end":{"line":162,"column":62}},"40":{"start":{"line":172,"column":20},"end":{"line":172,"column":71}},"41":{"start":{"line":176,"column":35},"end":{"line":176,"column":69}}},"fnMap":{"0":{"name":"(anonymous_0)","decl":{"start":{"line":29,"column":17},"end":{"line":29,"column":18}},"loc":{"start":{"line":29,"column":23},"end":{"line":230,"column":1}},"line":29},"1":{"name":"(anonymous_1)","decl":{"start":{"line":41,"column":26},"end":{"line":41,"column":27}},"loc":{"start":{"line":41,"column":38},"end":{"line":95,"column":3}},"line":41},"2":{"name":"(anonymous_2)","decl":{"start":{"line":59,"column":17},"end":{"line":59,"column":18}},"loc":{"start":{"line":59,"column":23},"end":{"line":61,"column":7}},"line":59},"3":{"name":"(anonymous_3)","decl":{"start":{"line":78,"column":17},"end":{"line":78,"column":18}},"loc":{"start":{"line":78,"column":23},"end":{"line":86,"column":7}},"line":78},"4":{"name":"(anonymous_4)","decl":{"start":{"line":91,"column":17},"end":{"line":91,"column":18}},"loc":{"start":{"line":91,"column":23},"end":{"line":93,"column":7}},"line":91},"5":{"name":"(anonymous_5)","decl":{"start":{"line":137,"column":28},"end":{"line":137,"column":29}},"loc":{"start":{"line":137,"column":35},"end":{"line":137,"column":62}},"line":137},"6":{"name":"(anonymous_6)","decl":{"start":{"line":147,"column":28},"end":{"line":147,"column":29}},"loc":{"start":{"line":147,"column":35},"end":{"line":147,"column":59}},"line":147},"7":{"name":"(anonymous_7)","decl":{"start":{"line":157,"column":30},"end":{"line":157,"column":31}},"loc":{"start":{"line":158,"column":20},"end":{"line":158,"column":71}},"line":158},"8":{"name":"(anonymous_8)","decl":{"start":{"line":162,"column":28},"end":{"line":162,"column":29}},"loc":{"start":{"line":162,"column":35},"end":{"line":162,"column":62}},"line":162},"9":{"name":"(anonymous_9)","decl":{"start":{"line":171,"column":30},"end":{"line":171,"column":31}},"loc":{"start":{"line":172,"column":20},"end":{"line":172,"column":71}},"line":172},"10":{"name":"(anonymous_10)","decl":{"start":{"line":176,"column":28},"end":{"line":176,"column":29}},"loc":{"start":{"line":176,"column":35},"end":{"line":176,"column":69}},"line":176}},"branchMap":{"0":{"loc":{"start":{"line":53,"column":4},"end":{"line":64,"column":5}},"type":"if","locations":[{"start":{"line":53,"column":4},"end":{"line":64,"column":5}},{"start":{},"end":{}}],"line":53},"1":{"loc":{"start":{"line":121,"column":17},"end":{"line":125,"column":17}},"type":"binary-expr","locations":[{"start":{"line":121,"column":17},"end":{"line":121,"column":22}},{"start":{"line":122,"column":18},"end":{"line":124,"column":25}}],"line":121},"2":{"loc":{"start":{"line":158,"column":20},"end":{"line":158,"column":71}},"type":"cond-expr","locations":[{"start":{"line":158,"column":30},"end":{"line":158,"column":44}},{"start":{"line":158,"column":47},"end":{"line":158,"column":71}}],"line":158},"3":{"loc":{"start":{"line":172,"column":20},"end":{"line":172,"column":71}},"type":"cond-expr","locations":[{"start":{"line":172,"column":30},"end":{"line":172,"column":44}},{"start":{"line":172,"column":47},"end":{"line":172,"column":71}}],"line":172},"4":{"loc":{"start":{"line":185,"column":21},"end":{"line":189,"column":21}},"type":"binary-expr","locations":[{"start":{"line":185,"column":21},"end":{"line":185,"column":28}},{"start":{"line":186,"column":22},"end":{"line":188,"column":30}}],"line":185},"5":{"loc":{"start":{"line":190,"column":21},"end":{"line":212,"column":21}},"type":"cond-expr","locations":[{"start":{"line":191,"column":22},"end":{"line":200,"column":31}},{"start":{"line":202,"column":22},"end":{"line":211,"column":31}}],"line":190},"6":{"loc":{"start":{"line":219,"column":13},"end":{"line":224,"column":13}},"type":"binary-expr","locations":[{"start":{"line":219,"column":13},"end":{"line":219,"column":36}},{"start":{"line":220,"column":14},"end":{"line":223,"column":16}}],"line":219}},"s":{"0":10,"1":10,"2":304,"3":304,"4":304,"5":304,"6":304,"7":304,"8":304,"9":304,"10":304,"11":304,"12":2,"13":2,"14":2,"15":2,"16":1,"17":1,"18":1,"19":1,"20":1,"21":0,"22":1,"23":1,"24":1,"25":0,"26":0,"27":0,"28":0,"29":0,"30":0,"31":0,"32":0,"33":0,"34":0,"35":304,"36":31,"37":54,"38":150,"39":27,"40":150,"41":27},"f":{"0":304,"1":2,"2":0,"3":0,"4":0,"5":31,"6":54,"7":150,"8":27,"9":150,"10":27},"b":{"0":[1,1],"1":[304,2],"2":[0,150],"3":[0,150],"4":[304,4],"5":[12,292],"6":[304,304]},"_coverageSchema":"1a1c01bbd47fc00a2c39e90264f33305004495a9","hash":"45cfc2017b45119caf2c8cbdf1609e404037ebd1"}
,"C:\\Users\\Mithila\\Desktop\\RPMT-main\\RPMT-main\\frontend\\src\\components\\Register\\ResetPassword.js": {"path":"C:\\Users\\Mithila\\Desktop\\RPMT-main\\RPMT-main\\frontend\\src\\components\\Register\\ResetPassword.js","statementMap":{"0":{"start":{"line":10,"column":19},"end":{"line":10,"column":25}},"1":{"start":{"line":12,"column":15},"end":{"line":19,"column":1}},"2":{"start":{"line":20,"column":19},"end":{"line":25,"column":1}},"3":{"start":{"line":27,"column":22},"end":{"line":149,"column":1}},"4":{"start":{"line":28,"column":34},"end":{"line":28,"column":46}},"5":{"start":{"line":29,"column":32},"end":{"line":29,"column":47}},"6":{"start":{"line":30,"column":30},"end":{"line":30,"column":45}},"7":{"start":{"line":32,"column":25},"end":{"line":32,"column":36}},"8":{"start":{"line":34,"column":2},"end":{"line":38,"column":9}},"9":{"start":{"line":35,"column":4},"end":{"line":37,"column":13}},"10":{"start":{"line":36,"column":6},"end":{"line":36,"column":22}},"11":{"start":{"line":40,"column":17},"end":{"line":40,"column":31}},"12":{"start":{"line":42,"column":31},"end":{"line":58,"column":3}},"13":{"start":{"line":43,"column":4},"end":{"line":43,"column":21}},"14":{"start":{"line":44,"column":4},"end":{"line":57,"column":5}},"15":{"start":{"line":45,"column":6},"end":{"line":45,"column":96}},"16":{"start":{"line":47,"column":6},"end":{"line":53,"column":15}},"17":{"start":{"line":48,"column":8},"end":{"line":51,"column":11}},"18":{"start":{"line":52,"column":8},"end":{"line":52,"column":26}},"19":{"start":{"line":55,"column":6},"end":{"line":55,"column":19}},"20":{"start":{"line":56,"column":6},"end":{"line":56,"column":24}},"21":{"start":{"line":59,"column":2},"end":{"line":148,"column":4}},"22":{"start":{"line":119,"column":18},"end":{"line":119,"column":69}},"23":{"start":{"line":121,"column":33},"end":{"line":121,"column":60}}},"fnMap":{"0":{"name":"(anonymous_0)","decl":{"start":{"line":27,"column":22},"end":{"line":27,"column":23}},"loc":{"start":{"line":27,"column":28},"end":{"line":149,"column":1}},"line":27},"1":{"name":"(anonymous_1)","decl":{"start":{"line":34,"column":12},"end":{"line":34,"column":13}},"loc":{"start":{"line":34,"column":18},"end":{"line":38,"column":3}},"line":34},"2":{"name":"(anonymous_2)","decl":{"start":{"line":35,"column":15},"end":{"line":35,"column":16}},"loc":{"start":{"line":35,"column":21},"end":{"line":37,"column":5}},"line":35},"3":{"name":"(anonymous_3)","decl":{"start":{"line":42,"column":31},"end":{"line":42,"column":32}},"loc":{"start":{"line":42,"column":43},"end":{"line":58,"column":3}},"line":42},"4":{"name":"(anonymous_4)","decl":{"start":{"line":47,"column":17},"end":{"line":47,"column":18}},"loc":{"start":{"line":47,"column":23},"end":{"line":53,"column":7}},"line":47},"5":{"name":"(anonymous_5)","decl":{"start":{"line":118,"column":28},"end":{"line":118,"column":29}},"loc":{"start":{"line":119,"column":18},"end":{"line":119,"column":69}},"line":119},"6":{"name":"(anonymous_6)","decl":{"start":{"line":121,"column":26},"end":{"line":121,"column":27}},"loc":{"start":{"line":121,"column":33},"end":{"line":121,"column":60}},"line":121}},"branchMap":{"0":{"loc":{"start":{"line":62,"column":7},"end":{"line":146,"column":7}},"type":"cond-expr","locations":[{"start":{"line":63,"column":8},"end":{"line":65,"column":17}},{"start":{"line":67,"column":8},"end":{"line":145,"column":14}}],"line":62},"1":{"loc":{"start":{"line":119,"column":18},"end":{"line":119,"column":69}},"type":"cond-expr","locations":[{"start":{"line":119,"column":28},"end":{"line":119,"column":42}},{"start":{"line":119,"column":45},"end":{"line":119,"column":69}}],"line":119},"2":{"loc":{"start":{"line":126,"column":17},"end":{"line":132,"column":17}},"type":"cond-expr","locations":[{"start":{"line":127,"column":18},"end":{"line":129,"column":21}},{"start":{"line":131,"column":18},"end":{"line":131,"column":25}}],"line":126}},"s":{"0":10,"1":10,"2":10,"3":10,"4":0,"5":0,"6":0,"7":0,"8":0,"9":0,"10":0,"11":0,"12":0,"13":0,"14":0,"15":0,"16":0,"17":0,"18":0,"19":0,"20":0,"21":0,"22":0,"23":0},"f":{"0":0,"1":0,"2":0,"3":0,"4":0,"5":0,"6":0},"b":{"0":[0,0],"1":[0,0],"2":[0,0]},"_coverageSchema":"1a1c01bbd47fc00a2c39e90264f33305004495a9","hash":"1c3f608de412698883c7335ccc9f1a3ded6c884f"}
,"C:\\Users\\Mithila\\Desktop\\RPMT-main\\RPMT-main\\frontend\\src\\components\\Register\\StaffRegister.js": {"path":"C:\\Users\\Mithila\\Desktop\\RPMT-main\\RPMT-main\\frontend\\src\\components\\Register\\StaffRegister.js","statementMap":{"0":{"start":{"line":28,"column":19},"end":{"line":28,"column":25}},"1":{"start":{"line":29,"column":19},"end":{"line":29,"column":25}},"2":{"start":{"line":31,"column":22},"end":{"line":272,"column":1}},"3":{"start":{"line":32,"column":34},"end":{"line":32,"column":46}},"4":{"start":{"line":33,"column":34},"end":{"line":33,"column":46}},"5":{"start":{"line":34,"column":28},"end":{"line":34,"column":40}},"6":{"start":{"line":35,"column":48},"end":{"line":35,"column":60}},"7":{"start":{"line":36,"column":28},"end":{"line":36,"column":40}},"8":{"start":{"line":37,"column":32},"end":{"line":37,"column":47}},"9":{"start":{"line":38,"column":32},"end":{"line":38,"column":47}},"10":{"start":{"line":39,"column":26},"end":{"line":39,"column":38}},"11":{"start":{"line":41,"column":18},"end":{"line":41,"column":31}},"12":{"start":{"line":43,"column":23},"end":{"line":45,"column":3}},"13":{"start":{"line":44,"column":4},"end":{"line":44,"column":18}},"14":{"start":{"line":47,"column":24},"end":{"line":53,"column":3}},"15":{"start":{"line":48,"column":4},"end":{"line":48,"column":40}},"16":{"start":{"line":49,"column":4},"end":{"line":49,"column":37}},"17":{"start":{"line":50,"column":4},"end":{"line":50,"column":49}},"18":{"start":{"line":51,"column":4},"end":{"line":51,"column":36}},"19":{"start":{"line":52,"column":4},"end":{"line":52,"column":17}},"20":{"start":{"line":55,"column":26},"end":{"line":113,"column":3}},"21":{"start":{"line":58,"column":4},"end":{"line":58,"column":21}},"22":{"start":{"line":59,"column":4},"end":{"line":59,"column":22}},"23":{"start":{"line":61,"column":19},"end":{"line":65,"column":5}},"24":{"start":{"line":67,"column":4},"end":{"line":78,"column":5}},"25":{"start":{"line":69,"column":6},"end":{"line":69,"column":22}},"26":{"start":{"line":70,"column":6},"end":{"line":70,"column":29}},"27":{"start":{"line":71,"column":6},"end":{"line":71,"column":24}},"28":{"start":{"line":72,"column":6},"end":{"line":72,"column":23}},"29":{"start":{"line":73,"column":6},"end":{"line":75,"column":15}},"30":{"start":{"line":74,"column":8},"end":{"line":74,"column":21}},"31":{"start":{"line":77,"column":6},"end":{"line":77,"column":48}},"32":{"start":{"line":80,"column":4},"end":{"line":112,"column":5}},"33":{"start":{"line":81,"column":6},"end":{"line":85,"column":8}},"34":{"start":{"line":87,"column":6},"end":{"line":91,"column":8}},"35":{"start":{"line":92,"column":6},"end":{"line":104,"column":15}},"36":{"start":{"line":93,"column":8},"end":{"line":97,"column":11}},"37":{"start":{"line":98,"column":8},"end":{"line":98,"column":26}},"38":{"start":{"line":99,"column":8},"end":{"line":99,"column":24}},"39":{"start":{"line":100,"column":8},"end":{"line":100,"column":21}},"40":{"start":{"line":101,"column":8},"end":{"line":101,"column":24}},"41":{"start":{"line":102,"column":8},"end":{"line":102,"column":31}},"42":{"start":{"line":103,"column":8},"end":{"line":103,"column":20}},"43":{"start":{"line":106,"column":6},"end":{"line":106,"column":42}},"44":{"start":{"line":107,"column":6},"end":{"line":107,"column":24}},"45":{"start":{"line":108,"column":6},"end":{"line":108,"column":23}},"46":{"start":{"line":109,"column":6},"end":{"line":111,"column":15}},"47":{"start":{"line":110,"column":8},"end":{"line":110,"column":21}},"48":{"start":{"line":115,"column":2},"end":{"line":271,"column":4}},"49":{"start":{"line":156,"column":22},"end":{"line":158,"column":58}},"50":{"start":{"line":175,"column":35},"end":{"line":175,"column":62}},"51":{"start":{"line":185,"column":35},"end":{"line":185,"column":59}},"52":{"start":{"line":196,"column":20},"end":{"line":196,"column":71}},"53":{"start":{"line":200,"column":35},"end":{"line":200,"column":62}},"54":{"start":{"line":210,"column":20},"end":{"line":210,"column":71}},"55":{"start":{"line":214,"column":35},"end":{"line":214,"column":69}}},"fnMap":{"0":{"name":"(anonymous_0)","decl":{"start":{"line":31,"column":22},"end":{"line":31,"column":23}},"loc":{"start":{"line":31,"column":28},"end":{"line":272,"column":1}},"line":31},"1":{"name":"(anonymous_1)","decl":{"start":{"line":43,"column":23},"end":{"line":43,"column":24}},"loc":{"start":{"line":43,"column":33},"end":{"line":45,"column":3}},"line":43},"2":{"name":"(anonymous_2)","decl":{"start":{"line":47,"column":24},"end":{"line":47,"column":25}},"loc":{"start":{"line":47,"column":30},"end":{"line":53,"column":3}},"line":47},"3":{"name":"(anonymous_3)","decl":{"start":{"line":55,"column":26},"end":{"line":55,"column":27}},"loc":{"start":{"line":55,"column":38},"end":{"line":113,"column":3}},"line":55},"4":{"name":"(anonymous_4)","decl":{"start":{"line":73,"column":17},"end":{"line":73,"column":18}},"loc":{"start":{"line":73,"column":23},"end":{"line":75,"column":7}},"line":73},"5":{"name":"(anonymous_5)","decl":{"start":{"line":92,"column":17},"end":{"line":92,"column":18}},"loc":{"start":{"line":92,"column":23},"end":{"line":104,"column":7}},"line":92},"6":{"name":"(anonymous_6)","decl":{"start":{"line":109,"column":17},"end":{"line":109,"column":18}},"loc":{"start":{"line":109,"column":23},"end":{"line":111,"column":7}},"line":109},"7":{"name":"(anonymous_7)","decl":{"start":{"line":155,"column":34},"end":{"line":155,"column":35}},"loc":{"start":{"line":156,"column":22},"end":{"line":158,"column":58}},"line":156},"8":{"name":"(anonymous_8)","decl":{"start":{"line":175,"column":28},"end":{"line":175,"column":29}},"loc":{"start":{"line":175,"column":35},"end":{"line":175,"column":62}},"line":175},"9":{"name":"(anonymous_9)","decl":{"start":{"line":185,"column":28},"end":{"line":185,"column":29}},"loc":{"start":{"line":185,"column":35},"end":{"line":185,"column":59}},"line":185},"10":{"name":"(anonymous_10)","decl":{"start":{"line":195,"column":30},"end":{"line":195,"column":31}},"loc":{"start":{"line":196,"column":20},"end":{"line":196,"column":71}},"line":196},"11":{"name":"(anonymous_11)","decl":{"start":{"line":200,"column":28},"end":{"line":200,"column":29}},"loc":{"start":{"line":200,"column":35},"end":{"line":200,"column":62}},"line":200},"12":{"name":"(anonymous_12)","decl":{"start":{"line":209,"column":30},"end":{"line":209,"column":31}},"loc":{"start":{"line":210,"column":20},"end":{"line":210,"column":71}},"line":210},"13":{"name":"(anonymous_13)","decl":{"start":{"line":214,"column":28},"end":{"line":214,"column":29}},"loc":{"start":{"line":214,"column":35},"end":{"line":214,"column":69}},"line":214}},"branchMap":{"0":{"loc":{"start":{"line":67,"column":4},"end":{"line":78,"column":5}},"type":"if","locations":[{"start":{"line":67,"column":4},"end":{"line":78,"column":5}},{"start":{},"end":{}}],"line":67},"1":{"loc":{"start":{"line":139,"column":17},"end":{"line":143,"column":17}},"type":"binary-expr","locations":[{"start":{"line":139,"column":17},"end":{"line":139,"column":22}},{"start":{"line":140,"column":18},"end":{"line":142,"column":25}}],"line":139},"2":{"loc":{"start":{"line":196,"column":20},"end":{"line":196,"column":71}},"type":"cond-expr","locations":[{"start":{"line":196,"column":30},"end":{"line":196,"column":44}},{"start":{"line":196,"column":47},"end":{"line":196,"column":71}}],"line":196},"3":{"loc":{"start":{"line":210,"column":20},"end":{"line":210,"column":71}},"type":"cond-expr","locations":[{"start":{"line":210,"column":30},"end":{"line":210,"column":44}},{"start":{"line":210,"column":47},"end":{"line":210,"column":71}}],"line":210},"4":{"loc":{"start":{"line":227,"column":21},"end":{"line":231,"column":21}},"type":"binary-expr","locations":[{"start":{"line":227,"column":21},"end":{"line":227,"column":28}},{"start":{"line":228,"column":22},"end":{"line":230,"column":30}}],"line":227},"5":{"loc":{"start":{"line":232,"column":21},"end":{"line":254,"column":21}},"type":"cond-expr","locations":[{"start":{"line":233,"column":22},"end":{"line":242,"column":31}},{"start":{"line":244,"column":22},"end":{"line":253,"column":31}}],"line":232},"6":{"loc":{"start":{"line":261,"column":13},"end":{"line":266,"column":13}},"type":"binary-expr","locations":[{"start":{"line":261,"column":13},"end":{"line":261,"column":36}},{"start":{"line":262,"column":14},"end":{"line":265,"column":16}}],"line":261}},"s":{"0":10,"1":10,"2":10,"3":0,"4":0,"5":0,"6":0,"7":0,"8":0,"9":0,"10":0,"11":0,"12":0,"13":0,"14":0,"15":0,"16":0,"17":0,"18":0,"19":0,"20":0,"21":0,"22":0,"23":0,"24":0,"25":0,"26":0,"27":0,"28":0,"29":0,"30":0,"31":0,"32":0,"33":0,"34":0,"35":0,"36":0,"37":0,"38":0,"39":0,"40":0,"41":0,"42":0,"43":0,"44":0,"45":0,"46":0,"47":0,"48":0,"49":0,"50":0,"51":0,"52":0,"53":0,"54":0,"55":0},"f":{"0":0,"1":0,"2":0,"3":0,"4":0,"5":0,"6":0,"7":0,"8":0,"9":0,"10":0,"11":0,"12":0,"13":0},"b":{"0":[0,0],"1":[0,0],"2":[0,0],"3":[0,0],"4":[0,0],"5":[0,0],"6":[0,0]},"_coverageSchema":"1a1c01bbd47fc00a2c39e90264f33305004495a9","hash":"d8804e52decd22340825ccc01c5649b25e0a3585"}
,"C:\\Users\\Mithila\\Desktop\\RPMT-main\\RPMT-main\\frontend\\src\\components\\Staff\\Admin\\Dashboard.js": {"path":"C:\\Users\\Mithila\\Desktop\\RPMT-main\\RPMT-main\\frontend\\src\\components\\Staff\\Admin\\Dashboard.js","statementMap":{"0":{"start":{"line":18,"column":43},"end":{"line":18,"column":49}},"1":{"start":{"line":20,"column":23},"end":{"line":214,"column":1}},"2":{"start":{"line":21,"column":36},"end":{"line":21,"column":51}},"3":{"start":{"line":22,"column":18},"end":{"line":22,"column":31}},"4":{"start":{"line":24,"column":27},"end":{"line":24,"column":38}},"5":{"start":{"line":26,"column":19},"end":{"line":26,"column":32}},"6":{"start":{"line":27,"column":23},"end":{"line":27,"column":31}},"7":{"start":{"line":29,"column":15},"end":{"line":29,"column":25}},"8":{"start":{"line":30,"column":14},"end":{"line":30,"column":29}},"9":{"start":{"line":34,"column":2},"end":{"line":37,"column":28}},"10":{"start":{"line":34,"column":16},"end":{"line":34,"column":39}},"11":{"start":{"line":35,"column":7},"end":{"line":37,"column":28}},"12":{"start":{"line":35,"column":34},"end":{"line":35,"column":59}},"13":{"start":{"line":36,"column":7},"end":{"line":37,"column":28}},"14":{"start":{"line":36,"column":34},"end":{"line":36,"column":57}},"15":{"start":{"line":37,"column":7},"end":{"line":37,"column":28}},"16":{"start":{"line":39,"column":21},"end":{"line":42,"column":3}},"17":{"start":{"line":40,"column":4},"end":{"line":40,"column":27}},"18":{"start":{"line":41,"column":4},"end":{"line":41,"column":28}},"19":{"start":{"line":44,"column":24},"end":{"line":50,"column":3}},"20":{"start":{"line":45,"column":4},"end":{"line":45,"column":40}},"21":{"start":{"line":46,"column":4},"end":{"line":46,"column":44}},"22":{"start":{"line":47,"column":4},"end":{"line":47,"column":37}},"23":{"start":{"line":48,"column":4},"end":{"line":48,"column":36}},"24":{"start":{"line":49,"column":4},"end":{"line":49,"column":17}},"25":{"start":{"line":52,"column":2},"end":{"line":213,"column":4}},"26":{"start":{"line":120,"column":14},"end":{"line":124,"column":16}},"27":{"start":{"line":133,"column":14},"end":{"line":135,"column":16}},"28":{"start":{"line":144,"column":14},"end":{"line":148,"column":16}}},"fnMap":{"0":{"name":"(anonymous_0)","decl":{"start":{"line":20,"column":23},"end":{"line":20,"column":24}},"loc":{"start":{"line":20,"column":29},"end":{"line":214,"column":1}},"line":20},"1":{"name":"(anonymous_1)","decl":{"start":{"line":39,"column":21},"end":{"line":39,"column":22}},"loc":{"start":{"line":39,"column":36},"end":{"line":42,"column":3}},"line":39},"2":{"name":"(anonymous_2)","decl":{"start":{"line":44,"column":24},"end":{"line":44,"column":25}},"loc":{"start":{"line":44,"column":30},"end":{"line":50,"column":3}},"line":44},"3":{"name":"(anonymous_3)","decl":{"start":{"line":119,"column":21},"end":{"line":119,"column":22}},"loc":{"start":{"line":119,"column":27},"end":{"line":125,"column":13}},"line":119},"4":{"name":"(anonymous_4)","decl":{"start":{"line":132,"column":21},"end":{"line":132,"column":22}},"loc":{"start":{"line":132,"column":27},"end":{"line":136,"column":13}},"line":132},"5":{"name":"(anonymous_5)","decl":{"start":{"line":143,"column":21},"end":{"line":143,"column":22}},"loc":{"start":{"line":143,"column":27},"end":{"line":149,"column":13}},"line":143}},"branchMap":{"0":{"loc":{"start":{"line":34,"column":2},"end":{"line":37,"column":28}},"type":"if","locations":[{"start":{"line":34,"column":2},"end":{"line":37,"column":28}},{"start":{"line":35,"column":7},"end":{"line":37,"column":28}}],"line":34},"1":{"loc":{"start":{"line":35,"column":7},"end":{"line":37,"column":28}},"type":"if","locations":[{"start":{"line":35,"column":7},"end":{"line":37,"column":28}},{"start":{"line":36,"column":7},"end":{"line":37,"column":28}}],"line":35},"2":{"loc":{"start":{"line":35,"column":11},"end":{"line":35,"column":32}},"type":"binary-expr","locations":[{"start":{"line":35,"column":11},"end":{"line":35,"column":20}},{"start":{"line":35,"column":24},"end":{"line":35,"column":32}}],"line":35},"3":{"loc":{"start":{"line":36,"column":7},"end":{"line":37,"column":28}},"type":"if","locations":[{"start":{"line":36,"column":7},"end":{"line":37,"column":28}},{"start":{"line":37,"column":7},"end":{"line":37,"column":28}}],"line":36},"4":{"loc":{"start":{"line":36,"column":11},"end":{"line":36,"column":32}},"type":"binary-expr","locations":[{"start":{"line":36,"column":11},"end":{"line":36,"column":20}},{"start":{"line":36,"column":24},"end":{"line":36,"column":32}}],"line":36},"5":{"loc":{"start":{"line":68,"column":9},"end":{"line":83,"column":9}},"type":"cond-expr","locations":[{"start":{"line":69,"column":10},"end":{"line":76,"column":16}},{"start":{"line":78,"column":10},"end":{"line":82,"column":19}}],"line":68},"6":{"loc":{"start":{"line":98,"column":12},"end":{"line":113,"column":40}},"type":"cond-expr","locations":[{"start":{"line":104,"column":16},"end":{"line":104,"column":21}},{"start":{"line":105,"column":16},"end":{"line":113,"column":40}}],"line":98},"7":{"loc":{"start":{"line":98,"column":12},"end":{"line":103,"column":28}},"type":"binary-expr","locations":[{"start":{"line":98,"column":12},"end":{"line":99,"column":76}},{"start":{"line":100,"column":12},"end":{"line":103,"column":28}}],"line":98},"8":{"loc":{"start":{"line":105,"column":16},"end":{"line":113,"column":40}},"type":"cond-expr","locations":[{"start":{"line":109,"column":16},"end":{"line":109,"column":21}},{"start":{"line":110,"column":16},"end":{"line":113,"column":40}}],"line":105},"9":{"loc":{"start":{"line":110,"column":16},"end":{"line":113,"column":40}},"type":"binary-expr","locations":[{"start":{"line":110,"column":16},"end":{"line":113,"column":31}},{"start":{"line":113,"column":35},"end":{"line":113,"column":40}}],"line":110},"10":{"loc":{"start":{"line":157,"column":9},"end":{"line":170,"column":9}},"type":"cond-expr","locations":[{"start":{"line":158,"column":10},"end":{"line":162,"column":19}},{"start":{"line":164,"column":10},"end":{"line":169,"column":19}}],"line":157},"11":{"loc":{"start":{"line":187,"column":11},"end":{"line":194,"column":11}},"type":"binary-expr","locations":[{"start":{"line":187,"column":12},"end":{"line":190,"column":35}},{"start":{"line":191,"column":12},"end":{"line":192,"column":71}},{"start":{"line":193,"column":12},"end":{"line":193,"column":26}}],"line":187},"12":{"loc":{"start":{"line":195,"column":11},"end":{"line":198,"column":11}},"type":"binary-expr","locations":[{"start":{"line":195,"column":11},"end":{"line":196,"column":74}},{"start":{"line":197,"column":12},"end":{"line":197,"column":25}}],"line":195},"13":{"loc":{"start":{"line":199,"column":11},"end":{"line":202,"column":43}},"type":"binary-expr","locations":[{"start":{"line":199,"column":11},"end":{"line":202,"column":26}},{"start":{"line":202,"column":30},"end":{"line":202,"column":43}}],"line":199},"14":{"loc":{"start":{"line":203,"column":11},"end":{"line":206,"column":47}},"type":"binary-expr","locations":[{"start":{"line":203,"column":11},"end":{"line":206,"column":25}},{"start":{"line":206,"column":29},"end":{"line":206,"column":47}}],"line":203}},"s":{"0":10,"1":10,"2":0,"3":0,"4":0,"5":0,"6":0,"7":0,"8":0,"9":0,"10":0,"11":0,"12":0,"13":0,"14":0,"15":0,"16":0,"17":0,"18":0,"19":0,"20":0,"21":0,"22":0,"23":0,"24":0,"25":0,"26":0,"27":0,"28":0},"f":{"0":0,"1":0,"2":0,"3":0,"4":0,"5":0},"b":{"0":[0,0],"1":[0,0],"2":[0,0],"3":[0,0],"4":[0,0],"5":[0,0],"6":[0,0],"7":[0,0],"8":[0,0],"9":[0,0],"10":[0,0],"11":[0,0,0],"12":[0,0],"13":[0,0],"14":[0,0]},"_coverageSchema":"1a1c01bbd47fc00a2c39e90264f33305004495a9","hash":"299568e3e53137b2b11fd8cf05f7c5a336cd1095"}
,"C:\\Users\\Mithila\\Desktop\\RPMT-main\\RPMT-main\\frontend\\src\\components\\Staff\\Admin\\AdminDashboardSubComponents\\CreateMarkScheme.js": {"path":"C:\\Users\\Mithila\\Desktop\\RPMT-main\\RPMT-main\\frontend\\src\\components\\Staff\\Admin\\AdminDashboardSubComponents\\CreateMarkScheme.js","statementMap":{"0":{"start":{"line":22,"column":15},"end":{"line":29,"column":1}},"1":{"start":{"line":30,"column":19},"end":{"line":35,"column":1}},"2":{"start":{"line":37,"column":25},"end":{"line":244,"column":1}},"3":{"start":{"line":38,"column":30},"end":{"line":38,"column":45}},"4":{"start":{"line":39,"column":37},"end":{"line":39,"column":49}},"5":{"start":{"line":40,"column":26},"end":{"line":40,"column":38}},"6":{"start":{"line":41,"column":28},"end":{"line":41,"column":40}},"7":{"start":{"line":42,"column":38},"end":{"line":42,"column":50}},"8":{"start":{"line":44,"column":32},"end":{"line":44,"column":47}},"9":{"start":{"line":45,"column":28},"end":{"line":45,"column":43}},"10":{"start":{"line":47,"column":2},"end":{"line":51,"column":9}},"11":{"start":{"line":48,"column":4},"end":{"line":50,"column":13}},"12":{"start":{"line":49,"column":6},"end":{"line":49,"column":25}},"13":{"start":{"line":53,"column":24},"end":{"line":100,"column":3}},"14":{"start":{"line":55,"column":4},"end":{"line":55,"column":21}},"15":{"start":{"line":57,"column":19},"end":{"line":62,"column":5}},"16":{"start":{"line":64,"column":21},"end":{"line":64,"column":35}},"17":{"start":{"line":65,"column":4},"end":{"line":65,"column":46}},"18":{"start":{"line":66,"column":4},"end":{"line":66,"column":34}},"19":{"start":{"line":67,"column":4},"end":{"line":67,"column":36}},"20":{"start":{"line":68,"column":4},"end":{"line":68,"column":46}},"21":{"start":{"line":70,"column":4},"end":{"line":99,"column":5}},"22":{"start":{"line":71,"column":6},"end":{"line":78,"column":8}},"23":{"start":{"line":80,"column":6},"end":{"line":89,"column":15}},"24":{"start":{"line":82,"column":8},"end":{"line":82,"column":26}},"25":{"start":{"line":83,"column":8},"end":{"line":87,"column":11}},"26":{"start":{"line":88,"column":8},"end":{"line":88,"column":27}},"27":{"start":{"line":91,"column":6},"end":{"line":95,"column":9}},"28":{"start":{"line":96,"column":6},"end":{"line":96,"column":21}},"29":{"start":{"line":97,"column":6},"end":{"line":97,"column":25}},"30":{"start":{"line":98,"column":6},"end":{"line":98,"column":24}},"31":{"start":{"line":102,"column":17},"end":{"line":102,"column":31}},"32":{"start":{"line":104,"column":18},"end":{"line":106,"column":3}},"33":{"start":{"line":105,"column":4},"end":{"line":105,"column":23}},"34":{"start":{"line":108,"column":2},"end":{"line":243,"column":4}},"35":{"start":{"line":119,"column":26},"end":{"line":119,"column":46}},"36":{"start":{"line":146,"column":31},"end":{"line":146,"column":59}},"37":{"start":{"line":170,"column":31},"end":{"line":170,"column":54}},"38":{"start":{"line":195,"column":31},"end":{"line":195,"column":55}},"39":{"start":{"line":218,"column":31},"end":{"line":218,"column":60}}},"fnMap":{"0":{"name":"(anonymous_0)","decl":{"start":{"line":37,"column":25},"end":{"line":37,"column":26}},"loc":{"start":{"line":37,"column":31},"end":{"line":244,"column":1}},"line":37},"1":{"name":"(anonymous_1)","decl":{"start":{"line":47,"column":12},"end":{"line":47,"column":13}},"loc":{"start":{"line":47,"column":18},"end":{"line":51,"column":3}},"line":47},"2":{"name":"(anonymous_2)","decl":{"start":{"line":48,"column":15},"end":{"line":48,"column":16}},"loc":{"start":{"line":48,"column":21},"end":{"line":50,"column":5}},"line":48},"3":{"name":"(anonymous_3)","decl":{"start":{"line":53,"column":24},"end":{"line":53,"column":25}},"loc":{"start":{"line":53,"column":45},"end":{"line":100,"column":3}},"line":53},"4":{"name":"(anonymous_4)","decl":{"start":{"line":80,"column":17},"end":{"line":80,"column":18}},"loc":{"start":{"line":80,"column":23},"end":{"line":89,"column":7}},"line":80},"5":{"name":"(anonymous_5)","decl":{"start":{"line":104,"column":18},"end":{"line":104,"column":19}},"loc":{"start":{"line":104,"column":24},"end":{"line":106,"column":3}},"line":104},"6":{"name":"(anonymous_6)","decl":{"start":{"line":119,"column":20},"end":{"line":119,"column":21}},"loc":{"start":{"line":119,"column":26},"end":{"line":119,"column":46}},"line":119},"7":{"name":"(anonymous_7)","decl":{"start":{"line":146,"column":24},"end":{"line":146,"column":25}},"loc":{"start":{"line":146,"column":31},"end":{"line":146,"column":59}},"line":146},"8":{"name":"(anonymous_8)","decl":{"start":{"line":170,"column":24},"end":{"line":170,"column":25}},"loc":{"start":{"line":170,"column":31},"end":{"line":170,"column":54}},"line":170},"9":{"name":"(anonymous_9)","decl":{"start":{"line":195,"column":24},"end":{"line":195,"column":25}},"loc":{"start":{"line":195,"column":31},"end":{"line":195,"column":55}},"line":195},"10":{"name":"(anonymous_10)","decl":{"start":{"line":218,"column":24},"end":{"line":218,"column":25}},"loc":{"start":{"line":218,"column":31},"end":{"line":218,"column":60}},"line":218}},"branchMap":{"0":{"loc":{"start":{"line":110,"column":7},"end":{"line":241,"column":7}},"type":"cond-expr","locations":[{"start":{"line":111,"column":8},"end":{"line":113,"column":17}},{"start":{"line":115,"column":8},"end":{"line":240,"column":15}}],"line":110},"1":{"loc":{"start":{"line":123,"column":13},"end":{"line":123,"column":67}},"type":"binary-expr","locations":[{"start":{"line":123,"column":13},"end":{"line":123,"column":18}},{"start":{"line":123,"column":22},"end":{"line":123,"column":67}}],"line":123},"2":{"loc":{"start":{"line":227,"column":15},"end":{"line":233,"column":15}},"type":"cond-expr","locations":[{"start":{"line":228,"column":16},"end":{"line":230,"column":19}},{"start":{"line":232,"column":16},"end":{"line":232,"column":24}}],"line":227}},"s":{"0":10,"1":10,"2":10,"3":0,"4":0,"5":0,"6":0,"7":0,"8":0,"9":0,"10":0,"11":0,"12":0,"13":0,"14":0,"15":0,"16":0,"17":0,"18":0,"19":0,"20":0,"21":0,"22":0,"23":0,"24":0,"25":0,"26":0,"27":0,"28":0,"29":0,"30":0,"31":0,"32":0,"33":0,"34":0,"35":0,"36":0,"37":0,"38":0,"39":0},"f":{"0":0,"1":0,"2":0,"3":0,"4":0,"5":0,"6":0,"7":0,"8":0,"9":0,"10":0},"b":{"0":[0,0],"1":[0,0],"2":[0,0]},"_coverageSchema":"1a1c01bbd47fc00a2c39e90264f33305004495a9","hash":"7055b259d20074b6c24063c3602b871c112ed31f"}
,"C:\\Users\\Mithila\\Desktop\\RPMT-main\\RPMT-main\\frontend\\src\\components\\Staff\\Admin\\AdminDashboardSubComponents\\EditUsers.js": {"path":"C:\\Users\\Mithila\\Desktop\\RPMT-main\\RPMT-main\\frontend\\src\\components\\Staff\\Admin\\AdminDashboardSubComponents\\EditUsers.js","statementMap":{"0":{"start":{"line":23,"column":15},"end":{"line":30,"column":1}},"1":{"start":{"line":31,"column":19},"end":{"line":36,"column":1}},"2":{"start":{"line":38,"column":18},"end":{"line":225,"column":1}},"3":{"start":{"line":39,"column":30},"end":{"line":39,"column":45}},"4":{"start":{"line":40,"column":34},"end":{"line":40,"column":46}},"5":{"start":{"line":41,"column":28},"end":{"line":41,"column":40}},"6":{"start":{"line":42,"column":26},"end":{"line":42,"column":64}},"7":{"start":{"line":44,"column":32},"end":{"line":44,"column":47}},"8":{"start":{"line":45,"column":28},"end":{"line":45,"column":43}},"9":{"start":{"line":47,"column":17},"end":{"line":47,"column":28}},"10":{"start":{"line":49,"column":2},"end":{"line":62,"column":9}},"11":{"start":{"line":50,"column":4},"end":{"line":61,"column":12}},"12":{"start":{"line":51,"column":6},"end":{"line":61,"column":8}},"13":{"start":{"line":52,"column":8},"end":{"line":56,"column":11}},"14":{"start":{"line":57,"column":8},"end":{"line":57,"column":41}},"15":{"start":{"line":58,"column":8},"end":{"line":58,"column":35}},"16":{"start":{"line":59,"column":8},"end":{"line":59,"column":33}},"17":{"start":{"line":60,"column":8},"end":{"line":60,"column":27}},"18":{"start":{"line":64,"column":28},"end":{"line":106,"column":3}},"19":{"start":{"line":66,"column":4},"end":{"line":66,"column":21}},"20":{"start":{"line":68,"column":19},"end":{"line":73,"column":5}},"21":{"start":{"line":75,"column":4},"end":{"line":105,"column":5}},"22":{"start":{"line":76,"column":6},"end":{"line":83,"column":8}},"23":{"start":{"line":85,"column":6},"end":{"line":95,"column":15}},"24":{"start":{"line":87,"column":8},"end":{"line":87,"column":26}},"25":{"start":{"line":88,"column":8},"end":{"line":92,"column":11}},"26":{"start":{"line":93,"column":8},"end":{"line":93,"column":27}},"27":{"start":{"line":94,"column":8},"end":{"line":94,"column":33}},"28":{"start":{"line":97,"column":6},"end":{"line":101,"column":9}},"29":{"start":{"line":102,"column":6},"end":{"line":102,"column":21}},"30":{"start":{"line":103,"column":6},"end":{"line":103,"column":25}},"31":{"start":{"line":104,"column":6},"end":{"line":104,"column":24}},"32":{"start":{"line":108,"column":17},"end":{"line":108,"column":31}},"33":{"start":{"line":110,"column":18},"end":{"line":112,"column":3}},"34":{"start":{"line":111,"column":4},"end":{"line":111,"column":23}},"35":{"start":{"line":114,"column":2},"end":{"line":224,"column":4}},"36":{"start":{"line":125,"column":26},"end":{"line":125,"column":50}},"37":{"start":{"line":152,"column":31},"end":{"line":152,"column":58}},"38":{"start":{"line":176,"column":31},"end":{"line":176,"column":55}},"39":{"start":{"line":200,"column":31},"end":{"line":200,"column":54}}},"fnMap":{"0":{"name":"(anonymous_0)","decl":{"start":{"line":38,"column":18},"end":{"line":38,"column":19}},"loc":{"start":{"line":38,"column":24},"end":{"line":225,"column":1}},"line":38},"1":{"name":"(anonymous_1)","decl":{"start":{"line":49,"column":12},"end":{"line":49,"column":13}},"loc":{"start":{"line":49,"column":18},"end":{"line":62,"column":3}},"line":49},"2":{"name":"(anonymous_2)","decl":{"start":{"line":50,"column":5},"end":{"line":50,"column":6}},"loc":{"start":{"line":51,"column":6},"end":{"line":61,"column":8}},"line":51},"3":{"name":"(anonymous_3)","decl":{"start":{"line":51,"column":69},"end":{"line":51,"column":70}},"loc":{"start":{"line":51,"column":78},"end":{"line":61,"column":7}},"line":51},"4":{"name":"(anonymous_4)","decl":{"start":{"line":64,"column":28},"end":{"line":64,"column":29}},"loc":{"start":{"line":64,"column":49},"end":{"line":106,"column":3}},"line":64},"5":{"name":"(anonymous_5)","decl":{"start":{"line":85,"column":17},"end":{"line":85,"column":18}},"loc":{"start":{"line":85,"column":23},"end":{"line":95,"column":7}},"line":85},"6":{"name":"(anonymous_6)","decl":{"start":{"line":110,"column":18},"end":{"line":110,"column":19}},"loc":{"start":{"line":110,"column":24},"end":{"line":112,"column":3}},"line":110},"7":{"name":"(anonymous_7)","decl":{"start":{"line":125,"column":20},"end":{"line":125,"column":21}},"loc":{"start":{"line":125,"column":26},"end":{"line":125,"column":50}},"line":125},"8":{"name":"(anonymous_8)","decl":{"start":{"line":152,"column":24},"end":{"line":152,"column":25}},"loc":{"start":{"line":152,"column":31},"end":{"line":152,"column":58}},"line":152},"9":{"name":"(anonymous_9)","decl":{"start":{"line":176,"column":24},"end":{"line":176,"column":25}},"loc":{"start":{"line":176,"column":31},"end":{"line":176,"column":55}},"line":176},"10":{"name":"(anonymous_10)","decl":{"start":{"line":200,"column":24},"end":{"line":200,"column":25}},"loc":{"start":{"line":200,"column":31},"end":{"line":200,"column":54}},"line":200}},"branchMap":{"0":{"loc":{"start":{"line":116,"column":7},"end":{"line":222,"column":7}},"type":"cond-expr","locations":[{"start":{"line":117,"column":8},"end":{"line":119,"column":17}},{"start":{"line":121,"column":8},"end":{"line":221,"column":15}}],"line":116},"1":{"loc":{"start":{"line":129,"column":13},"end":{"line":129,"column":67}},"type":"binary-expr","locations":[{"start":{"line":129,"column":13},"end":{"line":129,"column":18}},{"start":{"line":129,"column":22},"end":{"line":129,"column":67}}],"line":129},"2":{"loc":{"start":{"line":208,"column":15},"end":{"line":214,"column":15}},"type":"cond-expr","locations":[{"start":{"line":209,"column":16},"end":{"line":211,"column":19}},{"start":{"line":213,"column":16},"end":{"line":213,"column":24}}],"line":208}},"s":{"0":10,"1":10,"2":10,"3":0,"4":0,"5":0,"6":0,"7":0,"8":0,"9":0,"10":0,"11":0,"12":0,"13":0,"14":0,"15":0,"16":0,"17":0,"18":0,"19":0,"20":0,"21":0,"22":0,"23":0,"24":0,"25":0,"26":0,"27":0,"28":0,"29":0,"30":0,"31":0,"32":0,"33":0,"34":0,"35":0,"36":0,"37":0,"38":0,"39":0},"f":{"0":0,"1":0,"2":0,"3":0,"4":0,"5":0,"6":0,"7":0,"8":0,"9":0,"10":0},"b":{"0":[0,0],"1":[0,0],"2":[0,0]},"_coverageSchema":"1a1c01bbd47fc00a2c39e90264f33305004495a9","hash":"8af5c94795cebbb31f8803de0b23ec9a269330f3"}
,"C:\\Users\\Mithila\\Desktop\\RPMT-main\\RPMT-main\\frontend\\src\\components\\Staff\\Admin\\AdminDashboardSubComponents\\UploadDocument.js": {"path":"C:\\Users\\Mithila\\Desktop\\RPMT-main\\RPMT-main\\frontend\\src\\components\\Staff\\Admin\\AdminDashboardSubComponents\\UploadDocument.js","statementMap":{"0":{"start":{"line":6,"column":23},"end":{"line":68,"column":1}},"1":{"start":{"line":7,"column":18},"end":{"line":7,"column":31}},"2":{"start":{"line":8,"column":16},"end":{"line":8,"column":45}},"3":{"start":{"line":10,"column":24},"end":{"line":10,"column":36}},"4":{"start":{"line":12,"column":17},"end":{"line":36,"column":3}},"5":{"start":{"line":13,"column":4},"end":{"line":35,"column":5}},"6":{"start":{"line":14,"column":6},"end":{"line":14,"column":25}},"7":{"start":{"line":16,"column":19},"end":{"line":16,"column":33}},"8":{"start":{"line":18,"column":6},"end":{"line":18,"column":34}},"9":{"start":{"line":20,"column":6},"end":{"line":22,"column":7}},"10":{"start":{"line":20,"column":19},"end":{"line":20,"column":20}},"11":{"start":{"line":21,"column":8},"end":{"line":21,"column":49}},"12":{"start":{"line":24,"column":18},"end":{"line":27,"column":8}},"13":{"start":{"line":28,"column":6},"end":{"line":32,"column":7}},"14":{"start":{"line":29,"column":8},"end":{"line":29,"column":21}},"15":{"start":{"line":30,"column":8},"end":{"line":30,"column":33}},"16":{"start":{"line":31,"column":8},"end":{"line":31,"column":28}},"17":{"start":{"line":34,"column":6},"end":{"line":34,"column":25}},"18":{"start":{"line":38,"column":2},"end":{"line":67,"column":4}},"19":{"start":{"line":52,"column":16},"end":{"line":52,"column":39}}},"fnMap":{"0":{"name":"(anonymous_0)","decl":{"start":{"line":6,"column":23},"end":{"line":6,"column":24}},"loc":{"start":{"line":6,"column":29},"end":{"line":68,"column":1}},"line":6},"1":{"name":"(anonymous_1)","decl":{"start":{"line":12,"column":17},"end":{"line":12,"column":18}},"loc":{"start":{"line":12,"column":30},"end":{"line":36,"column":3}},"line":12},"2":{"name":"(anonymous_2)","decl":{"start":{"line":51,"column":24},"end":{"line":51,"column":25}},"loc":{"start":{"line":51,"column":31},"end":{"line":53,"column":15}},"line":51}},"branchMap":{"0":{"loc":{"start":{"line":28,"column":6},"end":{"line":32,"column":7}},"type":"if","locations":[{"start":{"line":28,"column":6},"end":{"line":32,"column":7}},{"start":{},"end":{}}],"line":28}},"s":{"0":10,"1":0,"2":0,"3":0,"4":0,"5":0,"6":0,"7":0,"8":0,"9":0,"10":0,"11":0,"12":0,"13":0,"14":0,"15":0,"16":0,"17":0,"18":0,"19":0},"f":{"0":0,"1":0,"2":0},"b":{"0":[0,0]},"_coverageSchema":"1a1c01bbd47fc00a2c39e90264f33305004495a9","hash":"7aa5b777c53838c1047af3a3a3ad8f3bd88537a8"}
,"C:\\Users\\Mithila\\Desktop\\RPMT-main\\RPMT-main\\frontend\\src\\components\\Staff\\Admin\\AdminDashboardSubComponents\\ViewUsers.js": {"path":"C:\\Users\\Mithila\\Desktop\\RPMT-main\\RPMT-main\\frontend\\src\\components\\Staff\\Admin\\AdminDashboardSubComponents\\ViewUsers.js","statementMap":{"0":{"start":{"line":13,"column":17},"end":{"line":13,"column":21}},"1":{"start":{"line":15,"column":18},"end":{"line":157,"column":1}},"2":{"start":{"line":16,"column":32},"end":{"line":16,"column":47}},"3":{"start":{"line":17,"column":26},"end":{"line":17,"column":38}},"4":{"start":{"line":18,"column":32},"end":{"line":18,"column":47}},"5":{"start":{"line":20,"column":2},"end":{"line":27,"column":5}},"6":{"start":{"line":21,"column":4},"end":{"line":26,"column":9}},"7":{"start":{"line":22,"column":6},"end":{"line":25,"column":9}},"8":{"start":{"line":23,"column":8},"end":{"line":23,"column":26}},"9":{"start":{"line":24,"column":8},"end":{"line":24,"column":25}},"10":{"start":{"line":29,"column":20},"end":{"line":31,"column":3}},"11":{"start":{"line":30,"column":4},"end":{"line":30,"column":21}},"12":{"start":{"line":33,"column":23},"end":{"line":35,"column":3}},"13":{"start":{"line":34,"column":4},"end":{"line":34,"column":22}},"14":{"start":{"line":37,"column":24},"end":{"line":52,"column":3}},"15":{"start":{"line":38,"column":4},"end":{"line":51,"column":5}},"16":{"start":{"line":39,"column":6},"end":{"line":39,"column":70}},"17":{"start":{"line":40,"column":6},"end":{"line":44,"column":9}},"18":{"start":{"line":46,"column":6},"end":{"line":50,"column":9}},"19":{"start":{"line":54,"column":2},"end":{"line":156,"column":4}},"20":{"start":{"line":78,"column":16},"end":{"line":149,"column":22}},"21":{"start":{"line":104,"column":43},"end":{"line":104,"column":54}},"22":{"start":{"line":137,"column":26},"end":{"line":137,"column":51}},"23":{"start":{"line":138,"column":26},"end":{"line":138,"column":44}}},"fnMap":{"0":{"name":"(anonymous_0)","decl":{"start":{"line":15,"column":18},"end":{"line":15,"column":19}},"loc":{"start":{"line":15,"column":24},"end":{"line":157,"column":1}},"line":15},"1":{"name":"(anonymous_1)","decl":{"start":{"line":20,"column":12},"end":{"line":20,"column":13}},"loc":{"start":{"line":20,"column":18},"end":{"line":27,"column":3}},"line":20},"2":{"name":"(anonymous_2)","decl":{"start":{"line":21,"column":5},"end":{"line":21,"column":6}},"loc":{"start":{"line":21,"column":17},"end":{"line":26,"column":5}},"line":21},"3":{"name":"(anonymous_3)","decl":{"start":{"line":22,"column":60},"end":{"line":22,"column":61}},"loc":{"start":{"line":22,"column":69},"end":{"line":25,"column":7}},"line":22},"4":{"name":"(anonymous_4)","decl":{"start":{"line":29,"column":20},"end":{"line":29,"column":21}},"loc":{"start":{"line":29,"column":26},"end":{"line":31,"column":3}},"line":29},"5":{"name":"(anonymous_5)","decl":{"start":{"line":33,"column":23},"end":{"line":33,"column":24}},"loc":{"start":{"line":33,"column":29},"end":{"line":35,"column":3}},"line":33},"6":{"name":"(anonymous_6)","decl":{"start":{"line":37,"column":24},"end":{"line":37,"column":25}},"loc":{"start":{"line":37,"column":38},"end":{"line":52,"column":3}},"line":37},"7":{"name":"(anonymous_7)","decl":{"start":{"line":77,"column":23},"end":{"line":77,"column":24}},"loc":{"start":{"line":78,"column":16},"end":{"line":149,"column":22}},"line":78},"8":{"name":"(anonymous_8)","decl":{"start":{"line":104,"column":37},"end":{"line":104,"column":38}},"loc":{"start":{"line":104,"column":43},"end":{"line":104,"column":54}},"line":104},"9":{"name":"(anonymous_9)","decl":{"start":{"line":136,"column":33},"end":{"line":136,"column":34}},"loc":{"start":{"line":136,"column":39},"end":{"line":139,"column":25}},"line":136}},"branchMap":{"0":{"loc":{"start":{"line":59,"column":7},"end":{"line":154,"column":7}},"type":"cond-expr","locations":[{"start":{"line":60,"column":8},"end":{"line":62,"column":17}},{"start":{"line":64,"column":8},"end":{"line":153,"column":11}}],"line":59},"1":{"loc":{"start":{"line":66,"column":13},"end":{"line":151,"column":13}},"type":"cond-expr","locations":[{"start":{"line":67,"column":14},"end":{"line":75,"column":17}},{"start":{"line":77,"column":14},"end":{"line":150,"column":16}}],"line":66}},"s":{"0":10,"1":10,"2":0,"3":0,"4":0,"5":0,"6":0,"7":0,"8":0,"9":0,"10":0,"11":0,"12":0,"13":0,"14":0,"15":0,"16":0,"17":0,"18":0,"19":0,"20":0,"21":0,"22":0,"23":0},"f":{"0":0,"1":0,"2":0,"3":0,"4":0,"5":0,"6":0,"7":0,"8":0,"9":0},"b":{"0":[0,0],"1":[0,0]},"_coverageSchema":"1a1c01bbd47fc00a2c39e90264f33305004495a9","hash":"6e4d29cfec45a8bfe99b49c59abd564f535bae6f"}
,"C:\\Users\\Mithila\\Desktop\\RPMT-main\\RPMT-main\\frontend\\src\\components\\Staff\\PanelMember\\Dashboard.js": {"path":"C:\\Users\\Mithila\\Desktop\\RPMT-main\\RPMT-main\\frontend\\src\\components\\Staff\\PanelMember\\Dashboard.js","statementMap":{"0":{"start":{"line":21,"column":43},"end":{"line":21,"column":49}},"1":{"start":{"line":23,"column":23},"end":{"line":207,"column":1}},"2":{"start":{"line":24,"column":36},"end":{"line":24,"column":51}},"3":{"start":{"line":25,"column":18},"end":{"line":25,"column":31}},"4":{"start":{"line":27,"column":17},"end":{"line":27,"column":28}},"5":{"start":{"line":29,"column":15},"end":{"line":29,"column":25}},"6":{"start":{"line":30,"column":14},"end":{"line":30,"column":29}},"7":{"start":{"line":34,"column":2},"end":{"line":37,"column":28}},"8":{"start":{"line":34,"column":16},"end":{"line":34,"column":39}},"9":{"start":{"line":35,"column":7},"end":{"line":37,"column":28}},"10":{"start":{"line":35,"column":34},"end":{"line":35,"column":59}},"11":{"start":{"line":36,"column":7},"end":{"line":37,"column":28}},"12":{"start":{"line":36,"column":34},"end":{"line":36,"column":57}},"13":{"start":{"line":37,"column":7},"end":{"line":37,"column":28}},"14":{"start":{"line":39,"column":21},"end":{"line":41,"column":3}},"15":{"start":{"line":40,"column":4},"end":{"line":40,"column":28}},"16":{"start":{"line":43,"column":24},"end":{"line":49,"column":3}},"17":{"start":{"line":44,"column":4},"end":{"line":44,"column":40}},"18":{"start":{"line":45,"column":4},"end":{"line":45,"column":44}},"19":{"start":{"line":46,"column":4},"end":{"line":46,"column":37}},"20":{"start":{"line":47,"column":4},"end":{"line":47,"column":36}},"21":{"start":{"line":48,"column":4},"end":{"line":48,"column":17}},"22":{"start":{"line":52,"column":32},"end":{"line":52,"column":47}},"23":{"start":{"line":53,"column":15},"end":{"line":55,"column":3}},"24":{"start":{"line":54,"column":4},"end":{"line":54,"column":22}},"25":{"start":{"line":57,"column":30},"end":{"line":59,"column":3}},"26":{"start":{"line":58,"column":4},"end":{"line":58,"column":24}},"27":{"start":{"line":61,"column":2},"end":{"line":206,"column":4}},"28":{"start":{"line":80,"column":18},"end":{"line":86,"column":20}},"29":{"start":{"line":87,"column":18},"end":{"line":87,"column":41}},"30":{"start":{"line":101,"column":16},"end":{"line":105,"column":18}},"31":{"start":{"line":106,"column":16},"end":{"line":106,"column":39}},"32":{"start":{"line":126,"column":14},"end":{"line":126,"column":49}},"33":{"start":{"line":127,"column":14},"end":{"line":133,"column":16}},"34":{"start":{"line":170,"column":61},"end":{"line":170,"column":67}}},"fnMap":{"0":{"name":"(anonymous_0)","decl":{"start":{"line":23,"column":23},"end":{"line":23,"column":24}},"loc":{"start":{"line":23,"column":29},"end":{"line":207,"column":1}},"line":23},"1":{"name":"(anonymous_1)","decl":{"start":{"line":39,"column":21},"end":{"line":39,"column":22}},"loc":{"start":{"line":39,"column":36},"end":{"line":41,"column":3}},"line":39},"2":{"name":"(anonymous_2)","decl":{"start":{"line":43,"column":24},"end":{"line":43,"column":25}},"loc":{"start":{"line":43,"column":30},"end":{"line":49,"column":3}},"line":43},"3":{"name":"(anonymous_3)","decl":{"start":{"line":53,"column":15},"end":{"line":53,"column":16}},"loc":{"start":{"line":53,"column":21},"end":{"line":55,"column":3}},"line":53},"4":{"name":"(anonymous_4)","decl":{"start":{"line":57,"column":30},"end":{"line":57,"column":31}},"loc":{"start":{"line":57,"column":43},"end":{"line":59,"column":3}},"line":57},"5":{"name":"(anonymous_5)","decl":{"start":{"line":79,"column":25},"end":{"line":79,"column":26}},"loc":{"start":{"line":79,"column":31},"end":{"line":88,"column":17}},"line":79},"6":{"name":"(anonymous_6)","decl":{"start":{"line":100,"column":23},"end":{"line":100,"column":24}},"loc":{"start":{"line":100,"column":29},"end":{"line":107,"column":15}},"line":100},"7":{"name":"(anonymous_7)","decl":{"start":{"line":125,"column":21},"end":{"line":125,"column":22}},"loc":{"start":{"line":125,"column":27},"end":{"line":134,"column":13}},"line":125},"8":{"name":"(anonymous_8)","decl":{"start":{"line":170,"column":55},"end":{"line":170,"column":56}},"loc":{"start":{"line":170,"column":61},"end":{"line":170,"column":67}},"line":170}},"branchMap":{"0":{"loc":{"start":{"line":34,"column":2},"end":{"line":37,"column":28}},"type":"if","locations":[{"start":{"line":34,"column":2},"end":{"line":37,"column":28}},{"start":{"line":35,"column":7},"end":{"line":37,"column":28}}],"line":34},"1":{"loc":{"start":{"line":35,"column":7},"end":{"line":37,"column":28}},"type":"if","locations":[{"start":{"line":35,"column":7},"end":{"line":37,"column":28}},{"start":{"line":36,"column":7},"end":{"line":37,"column":28}}],"line":35},"2":{"loc":{"start":{"line":35,"column":11},"end":{"line":35,"column":32}},"type":"binary-expr","locations":[{"start":{"line":35,"column":11},"end":{"line":35,"column":20}},{"start":{"line":35,"column":24},"end":{"line":35,"column":32}}],"line":35},"3":{"loc":{"start":{"line":36,"column":7},"end":{"line":37,"column":28}},"type":"if","locations":[{"start":{"line":36,"column":7},"end":{"line":37,"column":28}},{"start":{"line":37,"column":7},"end":{"line":37,"column":28}}],"line":36},"4":{"loc":{"start":{"line":36,"column":11},"end":{"line":36,"column":32}},"type":"binary-expr","locations":[{"start":{"line":36,"column":11},"end":{"line":36,"column":20}},{"start":{"line":36,"column":24},"end":{"line":36,"column":32}}],"line":36},"5":{"loc":{"start":{"line":75,"column":9},"end":{"line":110,"column":9}},"type":"cond-expr","locations":[{"start":{"line":76,"column":10},"end":{"line":95,"column":16}},{"start":{"line":97,"column":10},"end":{"line":109,"column":19}}],"line":75},"6":{"loc":{"start":{"line":141,"column":9},"end":{"line":154,"column":9}},"type":"cond-expr","locations":[{"start":{"line":142,"column":10},"end":{"line":146,"column":19}},{"start":{"line":148,"column":10},"end":{"line":153,"column":19}}],"line":141},"7":{"loc":{"start":{"line":188,"column":11},"end":{"line":193,"column":65}},"type":"binary-expr","locations":[{"start":{"line":188,"column":11},"end":{"line":193,"column":37}},{"start":{"line":193,"column":41},"end":{"line":193,"column":65}}],"line":188},"8":{"loc":{"start":{"line":194,"column":11},"end":{"line":199,"column":72}},"type":"binary-expr","locations":[{"start":{"line":194,"column":11},"end":{"line":199,"column":52}},{"start":{"line":199,"column":56},"end":{"line":199,"column":72}}],"line":194}},"s":{"0":10,"1":10,"2":0,"3":0,"4":0,"5":0,"6":0,"7":0,"8":0,"9":0,"10":0,"11":0,"12":0,"13":0,"14":0,"15":0,"16":0,"17":0,"18":0,"19":0,"20":0,"21":0,"22":0,"23":0,"24":0,"25":0,"26":0,"27":0,"28":0,"29":0,"30":0,"31":0,"32":0,"33":0,"34":0},"f":{"0":0,"1":0,"2":0,"3":0,"4":0,"5":0,"6":0,"7":0,"8":0},"b":{"0":[0,0],"1":[0,0],"2":[0,0],"3":[0,0],"4":[0,0],"5":[0,0],"6":[0,0],"7":[0,0],"8":[0,0]},"_coverageSchema":"1a1c01bbd47fc00a2c39e90264f33305004495a9","hash":"7d2f3649f3e1683459633c6574164562aa8460f4"}
,"C:\\Users\\Mithila\\Desktop\\RPMT-main\\RPMT-main\\frontend\\src\\components\\Staff\\PanelMember\\EvaluatePresentation.js": {"path":"C:\\Users\\Mithila\\Desktop\\RPMT-main\\RPMT-main\\frontend\\src\\components\\Staff\\PanelMember\\EvaluatePresentation.js","statementMap":{"0":{"start":{"line":7,"column":10},"end":{"line":9,"column":3}},"1":{"start":{"line":12,"column":4},"end":{"line":12,"column":24}},"2":{"start":{"line":16,"column":4},"end":{"line":16,"column":67}},"3":{"start":{"line":20,"column":4},"end":{"line":28,"column":7}},"4":{"start":{"line":21,"column":6},"end":{"line":21,"column":28}},"5":{"start":{"line":22,"column":6},"end":{"line":26,"column":7}},"6":{"start":{"line":23,"column":8},"end":{"line":25,"column":11}},"7":{"start":{"line":27,"column":6},"end":{"line":27,"column":36}},"8":{"start":{"line":32,"column":4},"end":{"line":71,"column":6}},"9":{"start":{"line":48,"column":14},"end":{"line":66,"column":19}},"10":{"start":{"line":60,"column":33},"end":{"line":60,"column":60}}},"fnMap":{"0":{"name":"(anonymous_0)","decl":{"start":{"line":11,"column":2},"end":{"line":11,"column":3}},"loc":{"start":{"line":11,"column":22},"end":{"line":13,"column":3}},"line":11},"1":{"name":"(anonymous_1)","decl":{"start":{"line":15,"column":2},"end":{"line":15,"column":3}},"loc":{"start":{"line":15,"column":18},"end":{"line":17,"column":3}},"line":15},"2":{"name":"(anonymous_2)","decl":{"start":{"line":19,"column":2},"end":{"line":19,"column":3}},"loc":{"start":{"line":19,"column":17},"end":{"line":29,"column":3}},"line":19},"3":{"name":"(anonymous_3)","decl":{"start":{"line":20,"column":62},"end":{"line":20,"column":63}},"loc":{"start":{"line":20,"column":71},"end":{"line":28,"column":5}},"line":20},"4":{"name":"(anonymous_4)","decl":{"start":{"line":31,"column":2},"end":{"line":31,"column":3}},"loc":{"start":{"line":31,"column":11},"end":{"line":72,"column":3}},"line":31},"5":{"name":"(anonymous_5)","decl":{"start":{"line":47,"column":34},"end":{"line":47,"column":35}},"loc":{"start":{"line":48,"column":14},"end":{"line":66,"column":19}},"line":48},"6":{"name":"(anonymous_6)","decl":{"start":{"line":60,"column":27},"end":{"line":60,"column":28}},"loc":{"start":{"line":60,"column":33},"end":{"line":60,"column":60}},"line":60}},"branchMap":{"0":{"loc":{"start":{"line":22,"column":6},"end":{"line":26,"column":7}},"type":"if","locations":[{"start":{"line":22,"column":6},"end":{"line":26,"column":7}},{"start":{},"end":{}}],"line":22}},"s":{"0":0,"1":0,"2":0,"3":0,"4":0,"5":0,"6":0,"7":0,"8":0,"9":0,"10":0},"f":{"0":0,"1":0,"2":0,"3":0,"4":0,"5":0,"6":0},"b":{"0":[0,0]},"_coverageSchema":"1a1c01bbd47fc00a2c39e90264f33305004495a9","hash":"b213cef610f31a2ef96546d98f7dfb01d7c2f033"}
,"C:\\Users\\Mithila\\Desktop\\RPMT-main\\RPMT-main\\frontend\\src\\components\\Staff\\PanelMember\\giveFeedBack.js": {"path":"C:\\Users\\Mithila\\Desktop\\RPMT-main\\RPMT-main\\frontend\\src\\components\\Staff\\PanelMember\\giveFeedBack.js","statementMap":{"0":{"start":{"line":6,"column":21},"end":{"line":47,"column":1}},"1":{"start":{"line":7,"column":13},"end":{"line":7,"column":44}},"2":{"start":{"line":8,"column":2},"end":{"line":8,"column":18}},"3":{"start":{"line":9,"column":34},"end":{"line":9,"column":44}},"4":{"start":{"line":11,"column":21},"end":{"line":24,"column":3}},"5":{"start":{"line":12,"column":4},"end":{"line":12,"column":23}},"6":{"start":{"line":14,"column":4},"end":{"line":23,"column":9}},"7":{"start":{"line":18,"column":8},"end":{"line":18,"column":32}},"8":{"start":{"line":19,"column":8},"end":{"line":19,"column":58}},"9":{"start":{"line":22,"column":8},"end":{"line":22,"column":19}},"10":{"start":{"line":26,"column":2},"end":{"line":46,"column":4}},"11":{"start":{"line":36,"column":14},"end":{"line":36,"column":42}}},"fnMap":{"0":{"name":"(anonymous_0)","decl":{"start":{"line":6,"column":21},"end":{"line":6,"column":22}},"loc":{"start":{"line":6,"column":32},"end":{"line":47,"column":1}},"line":6},"1":{"name":"(anonymous_1)","decl":{"start":{"line":11,"column":21},"end":{"line":11,"column":22}},"loc":{"start":{"line":11,"column":28},"end":{"line":24,"column":3}},"line":11},"2":{"name":"(anonymous_2)","decl":{"start":{"line":17,"column":12},"end":{"line":17,"column":13}},"loc":{"start":{"line":17,"column":18},"end":{"line":20,"column":7}},"line":17},"3":{"name":"(anonymous_3)","decl":{"start":{"line":21,"column":13},"end":{"line":21,"column":14}},"loc":{"start":{"line":21,"column":22},"end":{"line":23,"column":7}},"line":21},"4":{"name":"(anonymous_4)","decl":{"start":{"line":35,"column":22},"end":{"line":35,"column":23}},"loc":{"start":{"line":35,"column":29},"end":{"line":37,"column":13}},"line":35}},"branchMap":{},"s":{"0":10,"1":0,"2":0,"3":0,"4":0,"5":0,"6":0,"7":0,"8":0,"9":0,"10":0,"11":0},"f":{"0":0,"1":0,"2":0,"3":0,"4":0},"b":{},"_coverageSchema":"1a1c01bbd47fc00a2c39e90264f33305004495a9","hash":"09d1f0cfb618e29e181308a4cea7c5d83f401726"}
,"C:\\Users\\Mithila\\Desktop\\RPMT-main\\RPMT-main\\frontend\\src\\components\\Staff\\Supervisor\\Dashboard.js": {"path":"C:\\Users\\Mithila\\Desktop\\RPMT-main\\RPMT-main\\frontend\\src\\components\\Staff\\Supervisor\\Dashboard.js","statementMap":{"0":{"start":{"line":22,"column":43},"end":{"line":22,"column":49}},"1":{"start":{"line":24,"column":28},"end":{"line":326,"column":1}},"2":{"start":{"line":25,"column":36},"end":{"line":25,"column":51}},"3":{"start":{"line":26,"column":18},"end":{"line":26,"column":31}},"4":{"start":{"line":28,"column":34},"end":{"line":28,"column":45}},"5":{"start":{"line":30,"column":15},"end":{"line":30,"column":25}},"6":{"start":{"line":31,"column":14},"end":{"line":31,"column":29}},"7":{"start":{"line":35,"column":2},"end":{"line":38,"column":28}},"8":{"start":{"line":35,"column":16},"end":{"line":35,"column":39}},"9":{"start":{"line":36,"column":7},"end":{"line":38,"column":28}},"10":{"start":{"line":36,"column":34},"end":{"line":36,"column":59}},"11":{"start":{"line":37,"column":7},"end":{"line":38,"column":28}},"12":{"start":{"line":37,"column":34},"end":{"line":37,"column":57}},"13":{"start":{"line":38,"column":7},"end":{"line":38,"column":28}},"14":{"start":{"line":40,"column":21},"end":{"line":42,"column":3}},"15":{"start":{"line":41,"column":4},"end":{"line":41,"column":28}},"16":{"start":{"line":44,"column":2},"end":{"line":64,"column":26}},"17":{"start":{"line":45,"column":4},"end":{"line":63,"column":5}},"18":{"start":{"line":49,"column":8},"end":{"line":49,"column":28}},"19":{"start":{"line":50,"column":8},"end":{"line":50,"column":14}},"20":{"start":{"line":54,"column":8},"end":{"line":54,"column":31}},"21":{"start":{"line":55,"column":8},"end":{"line":55,"column":14}},"22":{"start":{"line":59,"column":8},"end":{"line":59,"column":26}},"23":{"start":{"line":60,"column":8},"end":{"line":60,"column":14}},"24":{"start":{"line":62,"column":8},"end":{"line":62,"column":14}},"25":{"start":{"line":66,"column":20},"end":{"line":84,"column":3}},"26":{"start":{"line":67,"column":4},"end":{"line":83,"column":5}},"27":{"start":{"line":69,"column":8},"end":{"line":69,"column":66}},"28":{"start":{"line":70,"column":8},"end":{"line":70,"column":14}},"29":{"start":{"line":72,"column":8},"end":{"line":72,"column":72}},"30":{"start":{"line":73,"column":8},"end":{"line":73,"column":14}},"31":{"start":{"line":75,"column":8},"end":{"line":75,"column":75}},"32":{"start":{"line":76,"column":8},"end":{"line":76,"column":14}},"33":{"start":{"line":78,"column":8},"end":{"line":78,"column":73}},"34":{"start":{"line":79,"column":8},"end":{"line":79,"column":14}},"35":{"start":{"line":81,"column":8},"end":{"line":81,"column":66}},"36":{"start":{"line":82,"column":8},"end":{"line":82,"column":14}},"37":{"start":{"line":86,"column":24},"end":{"line":92,"column":3}},"38":{"start":{"line":87,"column":4},"end":{"line":87,"column":40}},"39":{"start":{"line":88,"column":4},"end":{"line":88,"column":44}},"40":{"start":{"line":89,"column":4},"end":{"line":89,"column":37}},"41":{"start":{"line":90,"column":4},"end":{"line":90,"column":36}},"42":{"start":{"line":91,"column":4},"end":{"line":91,"column":17}},"43":{"start":{"line":95,"column":32},"end":{"line":95,"column":47}},"44":{"start":{"line":96,"column":15},"end":{"line":98,"column":3}},"45":{"start":{"line":97,"column":4},"end":{"line":97,"column":22}},"46":{"start":{"line":100,"column":30},"end":{"line":102,"column":3}},"47":{"start":{"line":101,"column":4},"end":{"line":101,"column":24}},"48":{"start":{"line":104,"column":2},"end":{"line":325,"column":4}},"49":{"start":{"line":123,"column":18},"end":{"line":127,"column":20}},"50":{"start":{"line":128,"column":18},"end":{"line":128,"column":41}},"51":{"start":{"line":142,"column":16},"end":{"line":146,"column":18}},"52":{"start":{"line":147,"column":16},"end":{"line":147,"column":39}},"53":{"start":{"line":189,"column":14},"end":{"line":189,"column":34}},"54":{"start":{"line":190,"colum
[...]
e":20,"column":23}},"11":{"start":{"line":22,"column":33},"end":{"line":31,"column":5}},"12":{"start":{"line":32,"column":4},"end":{"line":41,"column":9}},"13":{"start":{"line":35,"column":8},"end":{"line":35,"column":47}},"14":{"start":{"line":38,"column":8},"end":{"line":40,"column":9}},"15":{"start":{"line":39,"column":10},"end":{"line":39,"column":49}},"16":{"start":{"line":44,"column":21},"end":{"line":54,"column":3}},"17":{"start":{"line":45,"column":4},"end":{"line":45,"column":34}},"18":{"start":{"line":46,"column":4},"end":{"line":46,"column":27}},"19":{"start":{"line":47,"column":4},"end":{"line":47,"column":30}},"20":{"start":{"line":48,"column":4},"end":{"line":48,"column":21}},"21":{"start":{"line":49,"column":4},"end":{"line":49,"column":18}},"22":{"start":{"line":50,"column":4},"end":{"line":50,"column":45}},"23":{"start":{"line":51,"column":4},"end":{"line":53,"column":6}},"24":{"start":{"line":56,"column":2},"end":{"line":172,"column":4}},"25":{"start":{"line":79,"column":18},"end":{"line":79,"column":47}},"26":{"start":{"line":92,"column":18},"end":{"line":92,"column":46}},"27":{"start":{"line":105,"column":18},"end":{"line":105,"column":45}},"28":{"start":{"line":120,"column":18},"end":{"line":120,"column":45}},"29":{"start":{"line":134,"column":18},"end":{"line":134,"column":52}},"30":{"start":{"line":147,"column":18},"end":{"line":147,"column":48}}},"fnMap":{"0":{"name":"(anonymous_0)","decl":{"start":{"line":7,"column":26},"end":{"line":7,"column":27}},"loc":{"start":{"line":7,"column":32},"end":{"line":173,"column":1}},"line":7},"1":{"name":"(anonymous_1)","decl":{"start":{"line":19,"column":19},"end":{"line":19,"column":20}},"loc":{"start":{"line":19,"column":26},"end":{"line":42,"column":3}},"line":19},"2":{"name":"(anonymous_2)","decl":{"start":{"line":34,"column":12},"end":{"line":34,"column":13}},"loc":{"start":{"line":34,"column":18},"end":{"line":36,"column":7}},"line":34},"3":{"name":"(anonymous_3)","decl":{"start":{"line":37,"column":13},"end":{"line":37,"column":14}},"loc":{"start":{"line":37,"column":24},"end":{"line":41,"column":7}},"line":37},"4":{"name":"(anonymous_4)","decl":{"start":{"line":44,"column":21},"end":{"line":44,"column":22}},"loc":{"start":{"line":44,"column":27},"end":{"line":54,"column":3}},"line":44},"5":{"name":"(anonymous_5)","decl":{"start":{"line":78,"column":26},"end":{"line":78,"column":27}},"loc":{"start":{"line":78,"column":33},"end":{"line":80,"column":17}},"line":78},"6":{"name":"(anonymous_6)","decl":{"start":{"line":91,"column":26},"end":{"line":91,"column":27}},"loc":{"start":{"line":91,"column":33},"end":{"line":93,"column":17}},"line":91},"7":{"name":"(anonymous_7)","decl":{"start":{"line":104,"column":26},"end":{"line":104,"column":27}},"loc":{"start":{"line":104,"column":33},"end":{"line":106,"column":17}},"line":104},"8":{"name":"(anonymous_8)","decl":{"start":{"line":119,"column":26},"end":{"line":119,"column":27}},"loc":{"start":{"line":119,"column":33},"end":{"line":121,"column":17}},"line":119},"9":{"name":"(anonymous_9)","decl":{"start":{"line":133,"column":26},"end":{"line":133,"column":27}},"loc":{"start":{"line":133,"column":33},"end":{"line":135,"column":17}},"line":133},"10":{"name":"(anonymous_10)","decl":{"start":{"line":146,"column":26},"end":{"line":146,"column":27}},"loc":{"start":{"line":146,"column":33},"end":{"line":148,"column":17}},"line":146}},"branchMap":{"0":{"loc":{"start":{"line":38,"column":8},"end":{"line":40,"column":9}},"type":"if","locations":[{"start":{"line":38,"column":8},"end":{"line":40,"column":9}},{"start":{},"end":{}}],"line":38}},"s":{"0":10,"1":0,"2":0,"3":0,"4":0,"5":0,"6":0,"7":0,"8":0,"9":0,"10":0,"11":0,"12":0,"13":0,"14":0,"15":0,"16":0,"17":0,"18":0,"19":0,"20":0,"21":0,"22":0,"23":0,"24":0,"25":0,"26":0,"27":0,"28":0,"29":0,"30":0},"f":{"0":0,"1":0,"2":0,"3":0,"4":0,"5":0,"6":0,"7":0,"8":0,"9":0,"10":0},"b":{"0":[0,0]},"_coverageSchema":"1a1c01bbd47fc00a2c39e90264f33305004495a9","hash":"ba5eb0324da5cd30fe3723aa3b9439419bd89d50"}
,"C:\\Users\\Mithila\\Desktop\\RPMT-main\\RPMT-main\\frontend\\src\\components\\Student\\StudentGroup.js": {"path":"C:\\Users\\Mithila\\Desktop\\RPMT-main\\RPMT-main\\frontend\\src\\components\\Student\\StudentGroup.js","statementMap":{"0":{"start":{"line":7,"column":19},"end":{"line":204,"column":1}},"1":{"start":{"line":8,"column":38},"end":{"line":8,"column":50}},"2":{"start":{"line":9,"column":44},"end":{"line":9,"column":56}},"3":{"start":{"line":10,"column":44},"end":{"line":10,"column":56}},"4":{"start":{"line":11,"column":44},"end":{"line":11,"column":56}},"5":{"start":{"line":12,"column":44},"end":{"line":12,"column":56}},"6":{"start":{"line":14,"column":42},"end":{"line":14,"column":54}},"7":{"start":{"line":15,"column":42},"end":{"line":15,"column":54}},"8":{"start":{"line":16,"column":42},"end":{"line":16,"column":54}},"9":{"start":{"line":17,"column":42},"end":{"line":17,"column":54}},"10":{"start":{"line":19,"column":19},"end":{"line":43,"column":3}},"11":{"start":{"line":20,"column":4},"end":{"line":20,"column":23}},"12":{"start":{"line":22,"column":28},"end":{"line":32,"column":5}},"13":{"start":{"line":33,"column":4},"end":{"line":42,"column":9}},"14":{"start":{"line":36,"column":8},"end":{"line":36,"column":49}},"15":{"start":{"line":39,"column":8},"end":{"line":41,"column":9}},"16":{"start":{"line":40,"column":10},"end":{"line":40,"column":49}},"17":{"start":{"line":45,"column":19},"end":{"line":57,"column":3}},"18":{"start":{"line":46,"column":4},"end":{"line":46,"column":34}},"19":{"start":{"line":47,"column":4},"end":{"line":47,"column":28}},"20":{"start":{"line":48,"column":4},"end":{"line":48,"column":40}},"21":{"start":{"line":49,"column":4},"end":{"line":49,"column":42}},"22":{"start":{"line":50,"column":4},"end":{"line":50,"column":40}},"23":{"start":{"line":51,"column":4},"end":{"line":51,"column":41}},"24":{"start":{"line":53,"column":4},"end":{"line":53,"column":29}},"25":{"start":{"line":54,"column":4},"end":{"line":54,"column":31}},"26":{"start":{"line":55,"column":4},"end":{"line":55,"column":29}},"27":{"start":{"line":56,"column":4},"end":{"line":56,"column":31}},"28":{"start":{"line":59,"column":2},"end":{"line":203,"column":4}},"29":{"start":{"line":83,"column":18},"end":{"line":83,"column":48}},"30":{"start":{"line":95,"column":18},"end":{"line":95,"column":51}},"31":{"start":{"line":107,"column":18},"end":{"line":107,"column":50}},"32":{"start":{"line":119,"column":18},"end":{"line":119,"column":51}},"33":{"start":{"line":131,"column":18},"end":{"line":131,"column":50}},"34":{"start":{"line":143,"column":18},"end":{"line":143,"column":51}},"35":{"start":{"line":155,"column":18},"end":{"line":155,"column":50}},"36":{"start":{"line":167,"column":18},"end":{"line":167,"column":51}},"37":{"start":{"line":179,"column":18},"end":{"line":179,"column":50}}},"fnMap":{"0":{"name":"(anonymous_0)","decl":{"start":{"line":7,"column":19},"end":{"line":7,"column":20}},"loc":{"start":{"line":7,"column":25},"end":{"line":204,"column":1}},"line":7},"1":{"name":"(anonymous_1)","decl":{"start":{"line":19,"column":19},"end":{"line":19,"column":20}},"loc":{"start":{"line":19,"column":26},"end":{"line":43,"column":3}},"line":19},"2":{"name":"(anonymous_2)","decl":{"start":{"line":35,"column":12},"end":{"line":35,"column":13}},"loc":{"start":{"line":35,"column":18},"end":{"line":37,"column":7}},"line":35},"3":{"name":"(anonymous_3)","decl":{"start":{"line":38,"column":13},"end":{"line":38,"column":14}},"loc":{"start":{"line":38,"column":24},"end":{"line":42,"column":7}},"line":38},"4":{"name":"(anonymous_4)","decl":{"start":{"line":45,"column":19},"end":{"line":45,"column":20}},"loc":{"start":{"line":45,"column":25},"end":{"line":57,"column":3}},"line":45},"5":{"name":"(anonymous_5)","decl":{"start":{"line":82,"column":26},"end":{"line":82,"column":27}},"loc":{"start":{"line":82,"column":33},"end":{"line":84,"column":17}},"line":82},"6":{"name":"(anonymous_6)","decl":{"start":{"line":94,"column":26},"end":{"line":94,"column":27}},"loc":{"start":{"line":94,"column":33},"end":{"line":96,"column":17}},"line":94},"7":{"name":"(anonymous_7)","decl":{"start":{"line":106,"column":26},"end":{"line":106,"column":27}},"loc":{"start":{"line":106,"column":33},"end":{"line":108,"column":17}},"line":106},"8":{"name":"(anonymous_8)","decl":{"start":{"line":118,"column":26},"end":{"line":118,"column":27}},"loc":{"start":{"line":118,"column":33},"end":{"line":120,"column":17}},"line":118},"9":{"name":"(anonymous_9)","decl":{"start":{"line":130,"column":26},"end":{"line":130,"column":27}},"loc":{"start":{"line":130,"column":33},"end":{"line":132,"column":17}},"line":130},"10":{"name":"(anonymous_10)","decl":{"start":{"line":142,"column":26},"end":{"line":142,"column":27}},"loc":{"start":{"line":142,"column":33},"end":{"line":144,"column":17}},"line":142},"11":{"name":"(anonymous_11)","decl":{"start":{"line":154,"column":26},"end":{"line":154,"column":27}},"loc":{"start":{"line":154,"column":33},"end":{"line":156,"column":17}},"line":154},"12":{"name":"(anonymous_12)","decl":{"start":{"line":166,"column":26},"end":{"line":166,"column":27}},"loc":{"start":{"line":166,"column":33},"end":{"line":168,"column":17}},"line":166},"13":{"name":"(anonymous_13)","decl":{"start":{"line":178,"column":26},"end":{"line":178,"column":27}},"loc":{"start":{"line":178,"column":33},"end":{"line":180,"column":17}},"line":178}},"branchMap":{"0":{"loc":{"start":{"line":39,"column":8},"end":{"line":41,"column":9}},"type":"if","locations":[{"start":{"line":39,"column":8},"end":{"line":41,"column":9}},{"start":{},"end":{}}],"line":39}},"s":{"0":10,"1":356,"2":356,"3":356,"4":356,"5":356,"6":356,"7":356,"8":356,"9":356,"10":356,"11":1,"12":1,"13":1,"14":1,"15":0,"16":0,"17":356,"18":0,"19":0,"20":0,"21":0,"22":0,"23":0,"24":0,"25":0,"26":0,"27":0,"28":356,"29":25,"30":24,"31":14,"32":24,"33":14,"34":24,"35":14,"36":24,"37":14},"f":{"0":356,"1":1,"2":1,"3":0,"4":0,"5":25,"6":24,"7":14,"8":24,"9":14,"10":24,"11":14,"12":24,"13":14},"b":{"0":[0,0]},"_coverageSchema":"1a1c01bbd47fc00a2c39e90264f33305004495a9","hash":"99362d407a6f3e38d4b7fc01a945e53926830184"}
,"C:\\Users\\Mithila\\Desktop\\RPMT-main\\RPMT-main\\frontend\\src\\components\\Student\\SubmitDocument.js": {"path":"C:\\Users\\Mithila\\Desktop\\RPMT-main\\RPMT-main\\frontend\\src\\components\\Student\\SubmitDocument.js","statementMap":{"0":{"start":{"line":8,"column":23},"end":{"line":96,"column":1}},"1":{"start":{"line":9,"column":18},"end":{"line":9,"column":31}},"2":{"start":{"line":10,"column":16},"end":{"line":10,"column":45}},"3":{"start":{"line":12,"column":24},"end":{"line":12,"column":36}},"4":{"start":{"line":14,"column":17},"end":{"line":40,"column":3}},"5":{"start":{"line":15,"column":4},"end":{"line":39,"column":5}},"6":{"start":{"line":16,"column":6},"end":{"line":16,"column":25}},"7":{"start":{"line":18,"column":19},"end":{"line":18,"column":33}},"8":{"start":{"line":20,"column":6},"end":{"line":20,"column":34}},"9":{"start":{"line":22,"column":6},"end":{"line":24,"column":7}},"10":{"start":{"line":22,"column":19},"end":{"line":22,"column":20}},"11":{"start":{"line":23,"column":8},"end":{"line":23,"column":49}},"12":{"start":{"line":26,"column":18},"end":{"line":29,"column":8}},"13":{"start":{"line":30,"column":6},"end":{"line":33,"column":7}},"14":{"start":{"line":31,"column":8},"end":{"line":31,"column":21}},"15":{"start":{"line":32,"column":8},"end":{"line":32,"column":56}},"16":{"start":{"line":34,"column":6},"end":{"line":36,"column":7}},"17":{"start":{"line":35,"column":8},"end":{"line":35,"column":50}},"18":{"start":{"line":38,"column":6},"end":{"line":38,"column":25}},"19":{"start":{"line":42,"column":2},"end":{"line":95,"column":4}},"20":{"start":{"line":76,"column":16},"end":{"line":76,"column":39}},"21":{"start":{"line":77,"column":16},"end":{"line":77,"column":74}}},"fnMap":{"0":{"name":"(anonymous_0)","decl":{"start":{"line":8,"column":23},"end":{"line":8,"column":24}},"loc":{"start":{"line":8,"column":29},"end":{"line":96,"column":1}},"line":8},"1":{"name":"(anonymous_1)","decl":{"start":{"line":14,"column":17},"end":{"line":14,"column":18}},"loc":{"start":{"line":14,"column":30},"end":{"line":40,"column":3}},"line":14},"2":{"name":"(anonymous_2)","decl":{"start":{"line":75,"column":24},"end":{"line":75,"column":25}},"loc":{"start":{"line":75,"column":31},"end":{"line":78,"column":15}},"line":75}},"branchMap":{"0":{"loc":{"start":{"line":30,"column":6},"end":{"line":33,"column":7}},"type":"if","locations":[{"start":{"line":30,"column":6},"end":{"line":33,"column":7}},{"start":{},"end":{}}],"line":30},"1":{"loc":{"start":{"line":34,"column":6},"end":{"line":36,"column":7}},"type":"if","locations":[{"start":{"line":34,"column":6},"end":{"line":36,"column":7}},{"start":{},"end":{}}],"line":34}},"s":{"0":10,"1":0,"2":0,"3":0,"4":0,"5":0,"6":0,"7":0,"8":0,"9":0,"10":0,"11":0,"12":0,"13":0,"14":0,"15":0,"16":0,"17":0,"18":0,"19":0,"20":0,"21":0},"f":{"0":0,"1":0,"2":0},"b":{"0":[0,0],"1":[0,0]},"_coverageSchema":"1a1c01bbd47fc00a2c39e90264f33305004495a9","hash":"e994d5968b8da1ebc21023197e8607710753bb1f"}
,"C:\\Users\\Mithila\\Desktop\\RPMT-main\\RPMT-main\\frontend\\src\\components\\Student\\SubmitPresentation.js": {"path":"C:\\Users\\Mithila\\Desktop\\RPMT-main\\RPMT-main\\frontend\\src\\components\\Student\\SubmitPresentation.js","statementMap":{"0":{"start":{"line":8,"column":23},"end":{"line":127,"column":1}},"1":{"start":{"line":9,"column":18},"end":{"line":9,"column":31}},"2":{"start":{"line":10,"column":16},"end":{"line":10,"column":45}},"3":{"start":{"line":14,"column":24},"end":{"line":14,"column":36}},"4":{"start":{"line":15,"column":28},"end":{"line":15,"column":40}},"5":{"start":{"line":16,"column":34},"end":{"line":16,"column":46}},"6":{"start":{"line":18,"column":17},"end":{"line":49,"column":3}},"7":{"start":{"line":19,"column":4},"end":{"line":48,"column":5}},"8":{"start":{"line":20,"column":6},"end":{"line":20,"column":25}},"9":{"start":{"line":22,"column":19},"end":{"line":22,"column":33}},"10":{"start":{"line":24,"column":6},"end":{"line":24,"column":34}},"11":{"start":{"line":25,"column":6},"end":{"line":25,"column":34}},"12":{"start":{"line":26,"column":6},"end":{"line":26,"column":40}},"13":{"start":{"line":28,"column":6},"end":{"line":30,"column":7}},"14":{"start":{"line":28,"column":19},"end":{"line":28,"column":20}},"15":{"start":{"line":29,"column":8},"end":{"line":29,"column":49}},"16":{"start":{"line":32,"column":18},"end":{"line":38,"column":7}},"17":{"start":{"line":39,"column":6},"end":{"line":42,"column":7}},"18":{"start":{"line":40,"column":8},"end":{"line":40,"column":21}},"19":{"start":{"line":41,"column":8},"end":{"line":41,"column":56}},"20":{"start":{"line":43,"column":6},"end":{"line":45,"column":7}},"21":{"start":{"line":44,"column":8},"end":{"line":44,"column":50}},"22":{"start":{"line":47,"column":6},"end":{"line":47,"column":25}},"23":{"start":{"line":51,"column":2},"end":{"line":126,"column":4}},"24":{"start":{"line":73,"column":16},"end":{"line":73,"column":41}},"25":{"start":{"line":85,"column":16},"end":{"line":85,"column":44}},"26":{"start":{"line":107,"column":16},"end":{"line":107,"column":39}},"27":{"start":{"line":108,"column":16},"end":{"line":108,"column":74}}},"fnMap":{"0":{"name":"(anonymous_0)","decl":{"start":{"line":8,"column":23},"end":{"line":8,"column":24}},"loc":{"start":{"line":8,"column":29},"end":{"line":127,"column":1}},"line":8},"1":{"name":"(anonymous_1)","decl":{"start":{"line":18,"column":17},"end":{"line":18,"column":18}},"loc":{"start":{"line":18,"column":30},"end":{"line":49,"column":3}},"line":18},"2":{"name":"(anonymous_2)","decl":{"start":{"line":72,"column":24},"end":{"line":72,"column":25}},"loc":{"start":{"line":72,"column":31},"end":{"line":74,"column":15}},"line":72},"3":{"name":"(anonymous_3)","decl":{"start":{"line":84,"column":24},"end":{"line":84,"column":25}},"loc":{"start":{"line":84,"column":31},"end":{"line":86,"column":15}},"line":84},"4":{"name":"(anonymous_4)","decl":{"start":{"line":106,"column":24},"end":{"line":106,"column":25}},"loc":{"start":{"line":106,"column":31},"end":{"line":109,"column":15}},"line":106}},"branchMap":{"0":{"loc":{"start":{"line":39,"column":6},"end":{"line":42,"column":7}},"type":"if","locations":[{"start":{"line":39,"column":6},"end":{"line":42,"column":7}},{"start":{},"end":{}}],"line":39},"1":{"loc":{"start":{"line":43,"column":6},"end":{"line":45,"column":7}},"type":"if","locations":[{"start":{"line":43,"column":6},"end":{"line":45,"column":7}},{"start":{},"end":{}}],"line":43}},"s":{"0":10,"1":0,"2":0,"3":0,"4":0,"5":0,"6":0,"7":0,"8":0,"9":0,"10":0,"11":0,"12":0,"13":0,"14":0,"15":0,"16":0,"17":0,"18":0,"19":0,"20":0,"21":0,"22":0,"23":0,"24":0,"25":0,"26":0,"27":0},"f":{"0":0,"1":0,"2":0,"3":0,"4":0},"b":{"0":[0,0],"1":[0,0]},"_coverageSchema":"1a1c01bbd47fc00a2c39e90264f33305004495a9","hash":"a2e62d3f8ca1340f0ce058f0f0dfdaf947592a6d"}
,"C:\\Users\\Mithila\\Desktop\\RPMT-main\\RPMT-main\\frontend\\src\\components\\constant\\index.js": {"path":"C:\\Users\\Mithila\\Desktop\\RPMT-main\\RPMT-main\\frontend\\src\\components\\constant\\index.js","statementMap":{"0":{"start":{"line":1,"column":32},"end":{"line":1,"column":55}}},"fnMap":{},"branchMap":{},"s":{"0":10},"f":{},"b":{},"_coverageSchema":"1a1c01bbd47fc00a2c39e90264f33305004495a9","hash":"c97f8df000a1d588c5a7a09923f3e55cbeccfb8b"}
,"C:\\Users\\Mithila\\Desktop\\RPMT-main\\RPMT-main\\frontend\\src\\routes\\PageNotFound.js": {"path":"C:\\Users\\Mithila\\Desktop\\RPMT-main\\RPMT-main\\frontend\\src\\routes\\PageNotFound.js","statementMap":{"0":{"start":{"line":4,"column":21},"end":{"line":21,"column":1}},"1":{"start":{"line":5,"column":2},"end":{"line":20,"column":4}}},"fnMap":{"0":{"name":"(anonymous_0)","decl":{"start":{"line":4,"column":21},"end":{"line":4,"column":22}},"loc":{"start":{"line":4,"column":27},"end":{"line":21,"column":1}},"line":4}},"branchMap":{},"s":{"0":10,"1":0},"f":{"0":0},"b":{},"_coverageSchema":"1a1c01bbd47fc00a2c39e90264f33305004495a9","hash":"2dbead60452e1250a9a65be91044784fdedb783e"}
,"C:\\Users\\Mithila\\Desktop\\RPMT-main\\RPMT-main\\frontend\\src\\routes\\PrivateRoute.js": {"path":"C:\\Users\\Mithila\\Desktop\\RPMT-main\\RPMT-main\\frontend\\src\\routes\\PrivateRoute.js","statementMap":{"0":{"start":{"line":7,"column":32},"end":{"line":7,"column":46}},"1":{"start":{"line":8,"column":2},"end":{"line":10,"column":9}},"2":{"start":{"line":9,"column":4},"end":{"line":9,"column":46}},"3":{"start":{"line":9,"column":21},"end":{"line":9,"column":38}},"4":{"start":{"line":12,"column":2},"end":{"line":28,"column":3}},"5":{"start":{"line":13,"column":4},"end":{"line":27,"column":6}},"6":{"start":{"line":30,"column":2},"end":{"line":30,"column":18}}},"fnMap":{"0":{"name":"PrivateRoute","decl":{"start":{"line":6,"column":9},"end":{"line":6,"column":21}},"loc":{"start":{"line":6,"column":36},"end":{"line":31,"column":1}},"line":6},"1":{"name":"(anonymous_1)","decl":{"start":{"line":8,"column":12},"end":{"line":8,"column":13}},"loc":{"start":{"line":8,"column":18},"end":{"line":10,"column":3}},"line":8},"2":{"name":"(anonymous_2)","decl":{"start":{"line":9,"column":15},"end":{"line":9,"column":16}},"loc":{"start":{"line":9,"column":21},"end":{"line":9,"column":38}},"line":9}},"branchMap":{"0":{"loc":{"start":{"line":12,"column":2},"end":{"line":28,"column":3}},"type":"if","locations":[{"start":{"line":12,"column":2},"end":{"line":28,"column":3}},{"start":{},"end":{}}],"line":12},"1":{"loc":{"start":{"line":15,"column":9},"end":{"line":25,"column":9}},"type":"cond-expr","locations":[{"start":{"line":16,"column":10},"end":{"line":22,"column":19}},{"start":{"line":24,"column":10},"end":{"line":24,"column":29}}],"line":15}},"s":{"0":12,"1":12,"2":3,"3":1,"4":12,"5":0,"6":12},"f":{"0":12,"1":3,"2":1},"b":{"0":[0,12],"1":[0,0]},"_coverageSchema":"1a1c01bbd47fc00a2c39e90264f33305004495a9","hash":"e8e569a8ccdbba08c8b144e9fed9e8a6338cb228"}
}
