{"total": {"lines":{"total":881,"covered":193,"skipped":0,"pct":21.9},"statements":{"total":911,"covered":195,"skipped":0,"pct":21.4},"functions":{"total":282,"covered":40,"skipped":0,"pct":14.18},"branches":{"total":356,"covered":73,"skipped":0,"pct":20.5},"branchesTrue":{"total":0,"covered":0,"skipped":0,"pct":100}}
,"C:\\Users\\Mithila\\Desktop\\RPMT-main\\RPMT-main\\frontend\\src\\App.js": {"lines":{"total":10,"covered":9,"skipped":0,"pct":90},"functions":{"total":4,"covered":3,"skipped":0,"pct":75},"statements":{"total":10,"covered":9,"skipped":0,"pct":90},"branches":{"total":4,"covered":4,"skipped":0,"pct":100}}
,"C:\\Users\\Mithila\\Desktop\\RPMT-main\\RPMT-main\\frontend\\src\\index.js": {"lines":{"total":1,"covered":1,"skipped":0,"pct":100},"functions":{"total":0,"covered":0,"skipped":0,"pct":100},"statements":{"total":1,"covered":1,"skipped":0,"pct":100},"branches":{"total":0,"covered":0,"skipped":0,"pct":100}}
,"C:\\Users\\Mithila\\Desktop\\RPMT-main\\RPMT-main\\frontend\\src\\components\\Login\\Login.js": {"lines":{"total":42,"covered":38,"skipped":0,"pct":90.47},"functions":{"total":7,"covered":6,"skipped":0,"pct":85.71},"statements":{"total":44,"covered":38,"skipped":0,"pct":86.36},"branches":{"total":22,"covered":16,"skipped":0,"pct":72.72}}
,"C:\\Users\\Mithila\\Desktop\\RPMT-main\\RPMT-main\\frontend\\src\\components\\Register\\PasswordResetRequest.js": {"lines":{"total":30,"covered":13,"skipped":0,"pct":43.33},"functions":{"total":8,"covered":1,"skipped":0,"pct":12.5},"statements":{"total":30,"covered":13,"skipped":0,"pct":43.33},"branches":{"total":6,"covered":3,"skipped":0,"pct":50}}
,"C:\\Users\\Mithila\\Desktop\\RPMT-main\\RPMT-main\\frontend\\src\\components\\Register\\Register.js": {"lines":{"total":42,"covered":31,"skipped":0,"pct":73.8},"functions":{"total":11,"covered":8,"skipped":0,"pct":72.72},"statements":{"total":42,"covered":31,"skipped":0,"pct":73.8},"branches":{"total":14,"covered":12,"skipped":0,"pct":85.71}}
,"C:\\Users\\Mithila\\Desktop\\RPMT-main\\RPMT-main\\frontend\\src\\components\\Register\\ResetPassword.js": {"lines":{"total":24,"covered":4,"skipped":0,"pct":16.66},"functions":{"total":7,"covered":0,"skipped":0,"pct":0},"statements":{"total":24,"covered":4,"skipped":0,"pct":16.66},"branches":{"total":6,"covered":0,"skipped":0,"pct":0}}
,"C:\\Users\\Mithila\\Desktop\\RPMT-main\\RPMT-main\\frontend\\src\\components\\Register\\StaffRegister.js": {"lines":{"total":56,"covered":3,"skipped":0,"pct":5.35},"functions":{"total":14,"covered":0,"skipped":0,"pct":0},"statements":{"total":56,"covered":3,"skipped":0,"pct":5.35},"branches":{"total":14,"covered":0,"skipped":0,"pct":0}}
,"C:\\Users\\Mithila\\Desktop\\RPMT-main\\RPMT-main\\frontend\\src\\components\\Staff\\Admin\\Dashboard.js": {"lines":{"total":26,"covered":2,"skipped":0,"pct":7.69},"functions":{"total":6,"covered":0,"skipped":0,"pct":0},"statements":{"total":29,"covered":2,"skipped":0,"pct":6.89},"branches":{"total":31,"covered":0,"skipped":0,"pct":0}}
,"C:\\Users\\Mithila\\Desktop\\RPMT-main\\RPMT-main\\frontend\\src\\components\\Staff\\Admin\\AdminDashboardSubComponents\\CreateMarkScheme.js": {"lines":{"total":40,"covered":3,"skipped":0,"pct":7.5},"functions":{"total":11,"covered":0,"skipped":0,"pct":0},"statements":{"total":40,"covered":3,"skipped":0,"pct":7.5},"branches":{"total":6,"covered":0,"skipped":0,"pct":0}}
,"C:\\Users\\Mithila\\Desktop\\RPMT-main\\RPMT-main\\frontend\\src\\components\\Staff\\Admin\\AdminDashboardSubComponents\\EditUsers.js": {"lines":{"total":40,"covered":3,"skipped":0,"pct":7.5},"functions":{"total":11,"covered":0,"skipped":0,"pct":0},"statements":{"total":40,"covered":3,"skipped":0,"pct":7.5},"branches":{"total":6,"covered":0,"skipped":0,"pct":0}}
,"C:\\Users\\Mithila\\Desktop\\RPMT-main\\RPMT-main\\frontend\\src\\components\\Staff\\Admin\\AdminDashboardSubComponents\\UploadDocument.js": {"lines":{"total":19,"covered":1,"skipped":0,"pct":5.26},"functions":{"total":3,"covered":0,"skipped":0,"pct":0},"statements":{"total":20,"covered":1,"skipped":0,"pct":5},"branches":{"total":2,"covered":0,"skipped":0,"pct":0}}
,"C:\\Users\\Mithila\\Desktop\\RPMT-main\\RPMT-main\\frontend\\src\\components\\Staff\\Admin\\AdminDashboardSubComponents\\ViewUsers.js": {"lines":{"total":24,"covered":2,"skipped":0,"pct":8.33},"functions":{"total":10,"covered":0,"skipped":0,"pct":0},"statements":{"total":24,"covered":2,"skipped":0,"pct":8.33},"branches":{"total":4,"covered":0,"skipped":0,"pct":0}}
,"C:\\Users\\Mithila\\Desktop\\RPMT-main\\RPMT-main\\frontend\\src\\components\\Staff\\PanelMember\\Dashboard.js": {"lines":{"total":32,"covered":2,"skipped":0,"pct":6.25},"functions":{"total":9,"covered":0,"skipped":0,"pct":0},"statements":{"total":35,"covered":2,"skipped":0,"pct":5.71},"branches":{"total":18,"covered":0,"skipped":0,"pct":0}}
,"C:\\Users\\Mithila\\Desktop\\RPMT-main\\RPMT-main\\frontend\\src\\components\\Staff\\PanelMember\\EvaluatePresentation.js": {"lines":{"total":11,"covered":0,"skipped":0,"pct":0},"functions":{"total":7,"covered":0,"skipped":0,"pct":0},"statements":{"total":11,"covered":0,"skipped":0,"pct":0},"branches":{"total":2,"covered":0,"skipped":0,"pct":0}}
,"C:\\Users\\Mithila\\Desktop\\RPMT-main\\RPMT-main\\frontend\\src\\components\\Staff\\PanelMember\\giveFeedBack.js": {"lines":{"total":12,"covered":1,"skipped":0,"pct":8.33},"functions":{"total":5,"covered":0,"skipped":0,"pct":0},"statements":{"total":12,"covered":1,"skipped":0,"pct":8.33},"branches":{"total":0,"covered":0,"skipped":0,"pct":100}}
,"C:\\Users\\Mithila\\Desktop\\RPMT-main\\RPMT-main\\frontend\\src\\components\\Staff\\Supervisor\\Dashboard.js": {"lines":{"total":57,"covered":2,"skipped":0,"pct":3.5},"functions":{"total":13,"covered":0,"skipped":0,"pct":0},"statements":{"total":60,"covered":2,"skipped":0,"pct":3.33},"branches":{"total":44,"covered":0,"skipped":0,"pct":0}}
,"C:\\Users\\Mithila\\Desktop\\RPMT-main\\RPMT-main\\frontend\\src\\components\\Staff\\Supervisor\\DashboardSubComponents\\Actions.js": {"lines":{"total":45,"covered":4,"skipped":0,"pct":8.88},"functions":{"total":21,"covered":0,"skipped":0,"pct":0},"statements":{"total":50,"covered":4,"skipped":0,"pct":8},"branches":{"total":6,"covered":0,"skipped":0,"pct":0}}
,"C:\\Users\\Mithila\\Desktop\\RPMT-main\\RPMT-main\\frontend\\src\\components\\Staff\\Supervisor\\DashboardSubComponents\\CarouselView.js": {"lines":{"total":7,"covered":7,"skipped":0,"pct":100},"functions":{"total":3,"covered":3,"skipped":0,"pct":100},"statements":{"total":7,"covered":7,"skipped":0,"pct":100},"branches":{"total":18,"covered":14,"skipped":0,"pct":77.77}}
,"C:\\Users\\Mithila\\Desktop\\RPMT-main\\RPMT-main\\frontend\\src\\components\\Staff\\Supervisor\\DashboardSubComponents\\ChatWithGroups.js": {"lines":{"total":38,"covered":1,"skipped":0,"pct":2.63},"functions":{"total":22,"covered":0,"skipped":0,"pct":0},"statements":{"total":40,"covered":1,"skipped":0,"pct":2.5},"branches":{"total":12,"covered":0,"skipped":0,"pct":0}}
,"C:\\Users\\Mithila\\Desktop\\RPMT-main\\RPMT-main\\frontend\\src\\components\\Staff\\Supervisor\\DashboardSubComponents\\EvaluateDocuments.js": {"lines":{"total":5,"covered":2,"skipped":0,"pct":40},"functions":{"total":2,"covered":0,"skipped":0,"pct":0},"statements":{"total":6,"covered":2,"skipped":0,"pct":33.33},"branches":{"total":0,"covered":0,"skipped":0,"pct":100}}
,"C:\\Users\\Mithila\\Desktop\\RPMT-main\\RPMT-main\\frontend\\src\\components\\Staff\\Supervisor\\DashboardSubComponents\\EvaluationHistory.js": {"lines":{"total":16,"covered":2,"skipped":0,"pct":12.5},"functions":{"total":9,"covered":0,"skipped":0,"pct":0},"statements":{"total":16,"covered":2,"skipped":0,"pct":12.5},"branches":{"total":2,"covered":0,"skipped":0,"pct":0}}
,"C:\\Users\\Mithila\\Desktop\\RPMT-main\\RPMT-main\\frontend\\src\\components\\Staff\\Supervisor\\DashboardSubComponents\\ResearchTopics.js": {"lines":{"total":63,"covered":0,"skipped":0,"pct":0},"functions":{"total":25,"covered":0,"skipped":0,"pct":0},"statements":{"total":67,"covered":0,"skipped":0,"pct":0},"branches":{"total":40,"covered":0,"skipped":0,"pct":0}}
,"C:\\Users\\Mithila\\Desktop\\RPMT-main\\RPMT-main\\frontend\\src\\components\\Staff\\Supervisor\\DashboardSubComponents\\SingleChat.js": {"lines":{"total":52,"covered":1,"skipped":0,"pct":1.92},"functions":{"total":23,"covered":0,"skipped":0,"pct":0},"statements":{"total":52,"covered":1,"skipped":0,"pct":1.92},"branches":{"total":33,"covered":0,"skipped":0,"pct":0}}
,"C:\\Users\\Mithila\\Desktop\\RPMT-main\\RPMT-main\\frontend\\src\\components\\Student\\Dashboard.js": {"lines":{"total":63,"covered":25,"skipped":0,"pct":39.68},"functions":{"total":14,"covered":4,"skipped":0,"pct":28.57},"statements":{"total":66,"covered":26,"skipped":0,"pct":39.39},"branches":{"total":50,"covered":23,"skipped":0,"pct":46}}
,"C:\\Users\\Mithila\\Desktop\\RPMT-main\\RPMT-main\\frontend\\src\\components\\Student\\RequestSupervisor.js": {"lines":{"total":31,"covered":1,"skipped":0,"pct":3.22},"functions":{"total":11,"covered":0,"skipped":0,"pct":0},"statements":{"total":31,"covered":1,"skipped":0,"pct":3.22},"branches":{"total":2,"covered":0,"skipped":0,"pct":0}}
,"C:\\Users\\Mithila\\Desktop\\RPMT-main\\RPMT-main\\frontend\\src\\components\\Student\\StudentGroup.js": {"lines":{"total":38,"covered":26,"skipped":0,"pct":68.42},"functions":{"total":14,"covered":12,"skipped":0,"pct":85.71},"statements":{"total":38,"covered":26,"skipped":0,"pct":68.42},"branches":{"total":2,"covered":0,"skipped":0,"pct":0}}
,"C:\\Users\\Mithila\\Desktop\\RPMT-main\\RPMT-main\\frontend\\src\\components\\Student\\SubmitDocument.js": {"lines":{"total":21,"covered":1,"skipped":0,"pct":4.76},"functions":{"total":3,"covered":0,"skipped":0,"pct":0},"statements":{"total":22,"covered":1,"skipped":0,"pct":4.54},"branches":{"total":4,"covered":0,"skipped":0,"pct":0}}
,"C:\\Users\\Mithila\\Desktop\\RPMT-main\\RPMT-main\\frontend\\src\\components\\Student\\SubmitPresentation.js": {"lines":{"total":27,"covered":1,"skipped":0,"pct":3.7},"functions":{"total":5,"covered":0,"skipped":0,"pct":0},"statements":{"total":28,"covered":1,"skipped":0,"pct":3.57},"branches":{"total":4,"covered":0,"skipped":0,"pct":0}}
,"C:\\Users\\Mithila\\Desktop\\RPMT-main\\RPMT-main\\frontend\\src\\components\\constant\\index.js": {"lines":{"total":1,"covered":1,"skipped":0,"pct":100},"functions":{"total":0,"covered":0,"skipped":0,"pct":100},"statements":{"total":1,"covered":1,"skipped":0,"pct":100},"branches":{"total":0,"covered":0,"skipped":0,"pct":100}}
,"C:\\Users\\Mithila\\Desktop\\RPMT-main\\RPMT-main\\frontend\\src\\routes\\PageNotFound.js": {"lines":{"total":2,"covered":1,"skipped":0,"pct":50},"functions":{"total":1,"covered":0,"skipped":0,"pct":0},"statements":{"total":2,"covered":1,"skipped":0,"pct":50},"branches":{"total":0,"covered":0,"skipped":0,"pct":100}}
,"C:\\Users\\Mithila\\Desktop\\RPMT-main\\RPMT-main\\frontend\\src\\routes\\PrivateRoute.js": {"lines":{"total":6,"covered":5,"skipped":0,"pct":83.33},"functions":{"total":3,"covered":3,"skipped":0,"pct":100},"statements":{"total":7,"covered":6,"skipped":0,"pct":85.71},"branches":{"total":4,"covered":1,"skipped":0,"pct":25}}
}
