TN:
SF:frontend\src\App.js
FN:31,(anonymous_0)
FN:35,(anonymous_1)
FN:36,(anonymous_2)
FN:46,(anonymous_3)
FNF:4
FNH:3
FNDA:23,(anonymous_0)
FNDA:10,(anonymous_1)
FNDA:9,(anonymous_2)
FNDA:0,(anonymous_3)
DA:31,10
DA:33,23
DA:35,22
DA:36,10
DA:37,9
DA:38,5
DA:40,4
DA:46,22
DA:47,0
DA:52,22
LF:10
LH:9
BRDA:37,0,0,5
BRDA:37,0,1,4
BRDA:247,1,0,22
BRDA:247,1,1,2
BRF:4
BRH:4
end_of_record
TN:
SF:frontend\src\index.js
FNF:0
FNH:0
DA:6,10
LF:1
LH:1
BRF:0
BRH:0
end_of_record
TN:
SF:frontend\src\components\Login\Login.js
FN:20,(anonymous_0)
FN:30,(anonymous_1)
FN:56,(anonymous_2)
FN:76,(anonymous_3)
FN:130,(anonymous_4)
FN:139,(anonymous_5)
FN:144,(anonymous_6)
FNF:7
FNH:6
FNDA:299,(anonymous_0)
FNDA:4,(anonymous_1)
FNDA:3,(anonymous_2)
FNDA:0,(anonymous_3)
FNDA:91,(anonymous_4)
FNDA:144,(anonymous_5)
FNDA:36,(anonymous_6)
DA:18,10
DA:20,10
DA:21,299
DA:22,296
DA:23,296
DA:24,296
DA:25,296
DA:26,296
DA:28,296
DA:30,296
DA:33,4
DA:34,4
DA:36,4
DA:42,4
DA:43,4
DA:49,3
DA:51,3
DA:52,3
DA:53,3
DA:54,3
DA:56,3
DA:59,3
DA:60,3
DA:61,3
DA:62,0
DA:63,3
DA:64,0
DA:65,3
DA:67,3
DA:70,1
DA:71,1
DA:72,1
DA:73,1
DA:74,1
DA:75,1
DA:76,1
DA:77,0
DA:78,0
DA:83,296
DA:130,91
DA:140,144
DA:144,36
LF:42
LH:38
BRDA:59,0,0,0
BRDA:59,0,1,3
BRDA:60,1,0,0
BRDA:60,1,1,3
BRDA:61,2,0,0
BRDA:61,2,1,3
BRDA:61,3,0,3
BRDA:61,3,1,3
BRDA:63,4,0,0
BRDA:63,4,1,3
BRDA:107,5,0,296
BRDA:107,5,1,0
BRDA:112,6,0,296
BRDA:112,6,1,10
BRDA:140,7,0,0
BRDA:140,7,1,144
BRDA:158,8,0,296
BRDA:158,8,1,6
BRDA:163,9,0,20
BRDA:163,9,1,276
BRDA:192,10,0,296
BRDA:192,10,1,296
BRF:22
BRH:16
end_of_record
TN:
SF:frontend\src\components\Register\PasswordResetRequest.js
FN:24,(anonymous_0)
FN:33,(anonymous_1)
FN:50,(anonymous_2)
FN:56,(anonymous_3)
FN:66,(anonymous_4)
FN:70,(anonymous_5)
FN:84,(anonymous_6)
FN:135,(anonymous_7)
FNF:8
FNH:1
FNDA:288,(anonymous_0)
FNDA:0,(anonymous_1)
FNDA:0,(anonymous_2)
FNDA:0,(anonymous_3)
FNDA:0,(anonymous_4)
FNDA:0,(anonymous_5)
FNDA:0,(anonymous_6)
FNDA:0,(anonymous_7)
DA:9,10
DA:17,10
DA:24,10
DA:25,288
DA:27,288
DA:28,288
DA:29,288
DA:31,288
DA:33,288
DA:36,0
DA:42,0
DA:43,0
DA:49,0
DA:50,0
DA:51,0
DA:52,0
DA:55,0
DA:56,0
DA:57,0
DA:58,0
DA:59,0
DA:64,288
DA:66,288
DA:67,0
DA:70,288
DA:71,0
DA:74,288
DA:85,0
DA:86,0
DA:135,0
LF:30
LH:13
BRDA:76,0,0,288
BRDA:76,0,1,0
BRDA:100,1,0,288
BRDA:100,1,1,0
BRDA:101,2,0,288
BRDA:101,2,1,0
BRF:6
BRH:3
end_of_record
TN:
SF:frontend\src\components\Register\Register.js
FN:29,(anonymous_0)
FN:41,(anonymous_1)
FN:59,(anonymous_2)
FN:78,(anonymous_3)
FN:91,(anonymous_4)
FN:137,(anonymous_5)
FN:147,(anonymous_6)
FN:157,(anonymous_7)
FN:162,(anonymous_8)
FN:171,(anonymous_9)
FN:176,(anonymous_10)
FNF:11
FNH:8
FNDA:304,(anonymous_0)
FNDA:2,(anonymous_1)
FNDA:0,(anonymous_2)
FNDA:0,(anonymous_3)
FNDA:0,(anonymous_4)
FNDA:31,(anonymous_5)
FNDA:54,(anonymous_6)
FNDA:150,(anonymous_7)
FNDA:27,(anonymous_8)
FNDA:150,(anonymous_9)
FNDA:27,(anonymous_10)
DA:27,10
DA:29,10
DA:30,304
DA:31,304
DA:32,304
DA:33,304
DA:34,304
DA:35,304
DA:36,304
DA:37,304
DA:39,304
DA:41,304
DA:44,2
DA:45,2
DA:47,2
DA:53,2
DA:55,1
DA:56,1
DA:57,1
DA:58,1
DA:59,1
DA:60,0
DA:63,1
DA:66,1
DA:67,1
DA:73,0
DA:78,0
DA:79,0
DA:84,0
DA:85,0
DA:88,0
DA:89,0
DA:90,0
DA:91,0
DA:92,0
DA:97,304
DA:137,31
DA:147,54
DA:158,150
DA:162,27
DA:172,150
DA:176,27
LF:42
LH:31
BRDA:53,0,0,1
BRDA:53,0,1,1
BRDA:121,1,0,304
BRDA:121,1,1,2
BRDA:158,2,0,0
BRDA:158,2,1,150
BRDA:172,3,0,0
BRDA:172,3,1,150
BRDA:185,4,0,304
BRDA:185,4,1,4
BRDA:190,5,0,12
BRDA:190,5,1,292
BRDA:219,6,0,304
BRDA:219,6,1,304
BRF:14
BRH:12
end_of_record
TN:
SF:frontend\src\components\Register\ResetPassword.js
FN:27,(anonymous_0)
FN:34,(anonymous_1)
FN:35,(anonymous_2)
FN:42,(anonymous_3)
FN:47,(anonymous_4)
FN:118,(anonymous_5)
FN:121,(anonymous_6)
FNF:7
FNH:0
FNDA:0,(anonymous_0)
FNDA:0,(anonymous_1)
FNDA:0,(anonymous_2)
FNDA:0,(anonymous_3)
FNDA:0,(anonymous_4)
FNDA:0,(anonymous_5)
FNDA:0,(anonymous_6)
DA:10,10
DA:12,10
DA:20,10
DA:27,10
DA:28,0
DA:29,0
DA:30,0
DA:32,0
DA:34,0
DA:35,0
DA:36,0
DA:40,0
DA:42,0
DA:43,0
DA:44,0
DA:45,0
DA:47,0
DA:48,0
DA:52,0
DA:55,0
DA:56,0
DA:59,0
DA:119,0
DA:121,0
LF:24
LH:4
BRDA:62,0,0,0
BRDA:62,0,1,0
BRDA:119,1,0,0
BRDA:119,1,1,0
BRDA:126,2,0,0
BRDA:126,2,1,0
BRF:6
BRH:0
end_of_record
TN:
SF:frontend\src\components\Register\StaffRegister.js
FN:31,(anonymous_0)
FN:43,(anonymous_1)
FN:47,(anonymous_2)
FN:55,(anonymous_3)
FN:73,(anonymous_4)
FN:92,(anonymous_5)
FN:109,(anonymous_6)
FN:155,(anonymous_7)
FN:175,(anonymous_8)
FN:185,(anonymous_9)
FN:195,(anonymous_10)
FN:200,(anonymous_11)
FN:209,(anonymous_12)
FN:214,(anonymous_13)
FNF:14
FNH:0
FNDA:0,(anonymous_0)
FNDA:0,(anonymous_1)
FNDA:0,(anonymous_2)
FNDA:0,(anonymous_3)
FNDA:0,(anonymous_4)
FNDA:0,(anonymous_5)
FNDA:0,(anonymous_6)
FNDA:0,(anonymous_7)
FNDA:0,(anonymous_8)
FNDA:0,(anonymous_9)
FNDA:0,(anonymous_10)
FNDA:0,(anonymous_11)
FNDA:0,(anonymous_12)
FNDA:0,(anonymous_13)
DA:28,10
DA:29,10
DA:31,10
DA:32,0
DA:33,0
DA:34,0
DA:35,0
DA:36,0
DA:37,0
DA:38,0
DA:39,0
DA:41,0
DA:43,0
DA:44,0
DA:47,0
DA:48,0
DA:49,0
DA:50,0
DA:51,0
DA:52,0
DA:55,0
DA:58,0
DA:59,0
DA:61,0
DA:67,0
DA:69,0
DA:70,0
DA:71,0
DA:72,0
DA:73,0
DA:74,0
DA:77,0
DA:80,0
DA:81,0
DA:87,0
DA:92,0
DA:93,0
DA:98,0
DA:99,0
DA:100,0
DA:101,0
DA:102,0
DA:103,0
DA:106,0
DA:107,0
DA:108,0
DA:109,0
DA:110,0
DA:115,0
DA:156,0
DA:175,0
DA:185,0
DA:196,0
DA:200,0
DA:210,0
DA:214,0
LF:56
LH:3
BRDA:67,0,0,0
BRDA:67,0,1,0
BRDA:139,1,0,0
BRDA:139,1,1,0
BRDA:196,2,0,0
BRDA:196,2,1,0
BRDA:210,3,0,0
BRDA:210,3,1,0
BRDA:227,4,0,0
BRDA:227,4,1,0
BRDA:232,5,0,0
BRDA:232,5,1,0
BRDA:261,6,0,0
BRDA:261,6,1,0
BRF:14
BRH:0
end_of_record
TN:
SF:frontend\src\components\Staff\Admin\Dashboard.js
FN:20,(anonymous_0)
FN:39,(anonymous_1)
FN:44,(anonymous_2)
FN:119,(anonymous_3)
FN:132,(anonymous_4)
FN:143,(anonymous_5)
FNF:6
FNH:0
FNDA:0,(anonymous_0)
FNDA:0,(anonymous_1)
FNDA:0,(anonymous_2)
FNDA:0,(anonymous_3)
FNDA:0,(anonymous_4)
FNDA:0,(anonymous_5)
DA:18,10
DA:20,10
DA:21,0
DA:22,0
DA:24,0
DA:26,0
DA:27,0
DA:29,0
DA:30,0
DA:34,0
DA:35,0
DA:36,0
DA:37,0
DA:39,0
DA:40,0
DA:41,0
DA:44,0
DA:45,0
DA:46,0
DA:47,0
DA:48,0
DA:49,0
DA:52,0
DA:120,0
DA:133,0
DA:144,0
LF:26
LH:2
BRDA:34,0,0,0
BRDA:34,0,1,0
BRDA:35,1,0,0
BRDA:35,1,1,0
BRDA:35,2,0,0
BRDA:35,2,1,0
BRDA:36,3,0,0
BRDA:36,3,1,0
BRDA:36,4,0,0
BRDA:36,4,1,0
BRDA:68,5,0,0
BRDA:68,5,1,0
BRDA:98,6,0,0
BRDA:98,6,1,0
BRDA:98,7,0,0
BRDA:98,7,1,0
BRDA:105,8,0,0
BRDA:105,8,1,0
BRDA:110,9,0,0
BRDA:110,9,1,0
BRDA:157,10,0,0
BRDA:157,10,1,0
BRDA:187,11,0,0
BRDA:187,11,1,0
BRDA:187,11,2,0
BRDA:195,12,0,0
BRDA:195,12,1,0
BRDA:199,13,0,0
BRDA:199,13,1,0
BRDA:203,14,0,0
BRDA:203,14,1,0
BRF:31
BRH:0
end_of_record
TN:
SF:frontend\src\components\Staff\Admin\AdminDashboardSubComponents\CreateMarkScheme.js
FN:37,(anonymous_0)
FN:47,(anonymous_1)
FN:48,(anonymous_2)
FN:53,(anonymous_3)
FN:80,(anonymous_4)
FN:104,(anonymous_5)
FN:119,(anonymous_6)
FN:146,(anonymous_7)
FN:170,(anonymous_8)
FN:195,(anonymous_9)
FN:218,(anonymous_10)
FNF:11
FNH:0
FNDA:0,(anonymous_0)
FNDA:0,(anonymous_1)
FNDA:0,(anonymous_2)
FNDA:0,(anonymous_3)
FNDA:0,(anonymous_4)
FNDA:0,(anonymous_5)
FNDA:0,(anonymous_6)
FNDA:0,(anonymous_7)
FNDA:0,(anonymous_8)
FNDA:0,(anonymous_9)
FNDA:0,(anonymous_10)
DA:22,10
DA:30,10
DA:37,10
DA:38,0
DA:39,0
DA:40,0
DA:41,0
DA:42,0
DA:44,0
DA:45,0
DA:47,0
DA:48,0
DA:49,0
DA:53,0
DA:55,0
DA:57,0
DA:64,0
DA:65,0
DA:66,0
DA:67,0
DA:68,0
DA:70,0
DA:71,0
DA:80,0
DA:82,0
DA:83,0
DA:88,0
DA:91,0
DA:96,0
DA:97,0
DA:98,0
DA:102,0
DA:104,0
DA:105,0
DA:108,0
DA:119,0
DA:146,0
DA:170,0
DA:195,0
DA:218,0
LF:40
LH:3
BRDA:110,0,0,0
BRDA:110,0,1,0
BRDA:123,1,0,0
BRDA:123,1,1,0
BRDA:227,2,0,0
BRDA:227,2,1,0
BRF:6
BRH:0
end_of_record
TN:
SF:frontend\src\components\Staff\Admin\AdminDashboardSubComponents\EditUsers.js
FN:38,(anonymous_0)
FN:49,(anonymous_1)
FN:50,(anonymous_2)
FN:51,(anonymous_3)
FN:64,(anonymous_4)
FN:85,(anonymous_5)
FN:110,(anonymous_6)
FN:125,(anonymous_7)
FN:152,(anonymous_8)
FN:176,(anonymous_9)
FN:200,(anonymous_10)
FNF:11
FNH:0
FNDA:0,(anonymous_0)
FNDA:0,(anonymous_1)
FNDA:0,(anonymous_2)
FNDA:0,(anonymous_3)
FNDA:0,(anonymous_4)
FNDA:0,(anonymous_5)
FNDA:0,(anonymous_6)
FNDA:0,(anonymous_7)
FNDA:0,(anonymous_8)
FNDA:0,(anonymous_9)
FNDA:0,(anonymous_10)
DA:23,10
DA:31,10
DA:38,10
DA:39,0
DA:40,0
DA:41,0
DA:42,0
DA:44,0
DA:45,0
DA:47,0
DA:49,0
DA:50,0
DA:51,0
DA:52,0
DA:57,0
DA:58,0
DA:59,0
DA:60,0
DA:64,0
DA:66,0
DA:68,0
DA:75,0
DA:76,0
DA:85,0
DA:87,0
DA:88,0
DA:93,0
DA:94,0
DA:97,0
DA:102,0
DA:103,0
DA:104,0
DA:108,0
DA:110,0
DA:111,0
DA:114,0
DA:125,0
DA:152,0
DA:176,0
DA:200,0
LF:40
LH:3
BRDA:116,0,0,0
BRDA:116,0,1,0
BRDA:129,1,0,0
BRDA:129,1,1,0
BRDA:208,2,0,0
BRDA:208,2,1,0
BRF:6
BRH:0
end_of_record
TN:
SF:frontend\src\components\Staff\Admin\AdminDashboardSubComponents\UploadDocument.js
FN:6,(anonymous_0)
FN:12,(anonymous_1)
FN:51,(anonymous_2)
FNF:3
FNH:0
FNDA:0,(anonymous_0)
FNDA:0,(anonymous_1)
FNDA:0,(anonymous_2)
DA:6,10
DA:7,0
DA:8,0
DA:10,0
DA:12,0
DA:13,0
DA:14,0
DA:16,0
DA:18,0
DA:20,0
DA:21,0
DA:24,0
DA:28,0
DA:29,0
DA:30,0
DA:31,0
DA:34,0
DA:38,0
DA:52,0
LF:19
LH:1
BRDA:28,0,0,0
BRDA:28,0,1,0
BRF:2
BRH:0
end_of_record
TN:
SF:frontend\src\components\Staff\Admin\AdminDashboardSubComponents\ViewUsers.js
FN:15,(anonymous_0)
FN:20,(anonymous_1)
FN:21,(anonymous_2)
FN:22,(anonymous_3)
FN:29,(anonymous_4)
FN:33,(anonymous_5)
FN:37,(anonymous_6)
FN:77,(anonymous_7)
FN:104,(anonymous_8)
FN:136,(anonymous_9)
FNF:10
FNH:0
FNDA:0,(anonymous_0)
FNDA:0,(anonymous_1)
FNDA:0,(anonymous_2)
FNDA:0,(anonymous_3)
FNDA:0,(anonymous_4)
FNDA:0,(anonymous_5)
FNDA:0,(anonymous_6)
FNDA:0,(anonymous_7)
FNDA:0,(anonymous_8)
FNDA:0,(anonymous_9)
DA:13,10
DA:15,10
DA:16,0
DA:17,0
DA:18,0
DA:20,0
DA:21,0
DA:22,0
DA:23,0
DA:24,0
DA:29,0
DA:30,0
DA:33,0
DA:34,0
DA:37,0
DA:38,0
DA:39,0
DA:40,0
DA:46,0
DA:54,0
DA:78,0
DA:104,0
DA:137,0
DA:138,0
LF:24
LH:2
BRDA:59,0,0,0
BRDA:59,0,1,0
BRDA:66,1,0,0
BRDA:66,1,1,0
BRF:4
BRH:0
end_of_record
TN:
SF:frontend\src\components\Staff\PanelMember\Dashboard.js
FN:23,(anonymous_0)
FN:39,(anonymous_1)
FN:43,(anonymous_2)
FN:53,(anonymous_3)
FN:57,(anonymous_4)
FN:79,(anonymous_5)
FN:100,(anonymous_6)
FN:125,(anonymous_7)
FN:170,(anonymous_8)
FNF:9
FNH:0
FNDA:0,(anonymous_0)
FNDA:0,(anonymous_1)
FNDA:0,(anonymous_2)
FNDA:0,(anonymous_3)
FNDA:0,(anonymous_4)
FNDA:0,(anonymous_5)
FNDA:0,(anonymous_6)
FNDA:0,(anonymous_7)
FNDA:0,(anonymous_8)
DA:21,10
DA:23,10
DA:24,0
DA:25,0
DA:27,0
DA:29,0
DA:30,0
DA:34,0
DA:35,0
DA:36,0
DA:37,0
DA:39,0
DA:40,0
DA:43,0
DA:44,0
DA:45,0
DA:46,0
DA:47,0
DA:48,0
DA:52,0
DA:53,0
DA:54,0
DA:57,0
DA:58,0
DA:61,0
DA:80,0
DA:87,0
DA:101,0
DA:106,0
DA:126,0
DA:127,0
DA:170,0
LF:32
LH:2
BRDA:34,0,0,0
BRDA:34,0,1,0
BRDA:35,1,0,0
BRDA:35,1,1,0
BRDA:35,2,0,0
BRDA:35,2,1,0
BRDA:36,3,0,0
BRDA:36,3,1,0
BRDA:36,4,0,0
BRDA:36,4,1,0
BRDA:75,5,0,0
BRDA:75,5,1,0
BRDA:141,6,0,0
BRDA:141,6,1,0
BRDA:188,7,0,0
BRDA:188,7,1,0
BRDA:194,8,0,0
BRDA:194,8,1,0
BRF:18
BRH:0
end_of_record
TN:
SF:frontend\src\components\Staff\PanelMember\EvaluatePresentation.js
FN:11,(anonymous_0)
FN:15,(anonymous_1)
FN:19,(anonymous_2)
FN:20,(anonymous_3)
FN:31,(anonymous_4)
FN:47,(anonymous_5)
FN:60,(anonymous_6)
FNF:7
FNH:0
FNDA:0,(anonymous_0)
FNDA:0,(anonymous_1)
FNDA:0,(anonymous_2)
FNDA:0,(anonymous_3)
FNDA:0,(anonymous_4)
FNDA:0,(anonymous_5)
FNDA:0,(anonymous_6)
DA:7,0
DA:12,0
DA:16,0
DA:20,0
DA:21,0
DA:22,0
DA:23,0
DA:27,0
DA:32,0
DA:48,0
DA:60,0
LF:11
LH:0
BRDA:22,0,0,0
BRDA:22,0,1,0
BRF:2
BRH:0
end_of_record
TN:
SF:frontend\src\components\Staff\PanelMember\giveFeedBack.js
FN:6,(anonymous_0)
FN:11,(anonymous_1)
FN:17,(anonymous_2)
FN:21,(anonymous_3)
FN:35,(anonymous_4)
FNF:5
FNH:0
FNDA:0,(anonymous_0)
FNDA:0,(anonymous_1)
FNDA:0,(anonymous_2)
FNDA:0,(anonymous_3)
FNDA:0,(anonymous_4)
DA:6,10
DA:7,0
DA:8,0
DA:9,0
DA:11,0
DA:12,0
DA:14,0
DA:18,0
DA:19,0
DA:22,0
DA:26,0
DA:36,0
LF:12
LH:1
BRF:0
BRH:0
end_of_record
TN:
SF:frontend\src\components\Staff\Supervisor\Dashboard.js
FN:24,(anonymous_0)
FN:40,(anonymous_1)
FN:44,(anonymous_2)
FN:66,(anonymous_3)
FN:86,(anonymous_4)
FN:96,(anonymous_5)
FN:100,(anonymous_6)
FN:122,(anonymous_7)
FN:141,(anonymous_8)
FN:188,(anonymous_9)
FN:204,(anonymous_10)
FN:220,(anonymous_11)
FN:276,(anonymous_12)
FNF:13
FNH:0
FNDA:0,(anonymous_0)
FNDA:0,(anonymous_1)
FNDA:0,(anonymous_2)
FNDA:0,(anonymous_3)
FNDA:0,(anonymous_4)
FNDA:0,(anonymous_5)
FNDA:0,(anonymous_6)
FNDA:0,(anonymous_7)
FNDA:0,(anonymous_8)
FNDA:0,(anonymous_9)
FNDA:0,(anonymous_10)
FNDA:0,(anonymous_11)
FNDA:0,(anonymous_12)
DA:22,10
DA:24,10
DA:25,0
DA:26,0
DA:28,0
DA:30,0
DA:31,0
DA:35,0
DA:36,0
DA:37,0
DA:38,0
DA:40,0
DA:41,0
DA:44,0
DA:45,0
DA:49,0
DA:50,0
DA:54,0
DA:55,0
DA:59,0
DA:60,0
DA:62,0
DA:66,0
DA:67,0
DA:69,0
DA:70,0
DA:72,0
DA:73,0
DA:75,0
DA:76,0
DA:78,0
DA:79,0
DA:81,0
DA:82,0
DA:86,0
DA:87,0
DA:88,0
DA:89,0
DA:90,0
DA:91,0
DA:95,0
DA:96,0
DA:97,0
DA:100,0
DA:101,0
DA:104,0
DA:123,0
DA:128,0
DA:142,0
DA:147,0
DA:189,0
DA:190,0
DA:205,0
DA:206,0
DA:221,0
DA:222,0
DA:276,0
LF:57
LH:2
BRDA:35,0,0,0
BRDA:35,0,1,0
BRDA:36,1,0,0
BRDA:36,1,1,0
BRDA:36,2,0,0
BRDA:36,2,1,0
BRDA:37,3,0,0
BRDA:37,3,1,0
BRDA:37,4,0,0
BRDA:37,4,1,0
BRDA:45,5,0,0
BRDA:45,5,1,0
BRDA:45,5,2,0
BRDA:45,5,3,0
BRDA:67,6,0,0
BRDA:67,6,1,0
BRDA:67,6,2,0
BRDA:67,6,3,0
BRDA:67,6,4,0
BRDA:118,7,0,0
BRDA:118,7,1,0
BRDA:166,8,0,0
BRDA:166,8,1,0
BRDA:171,9,0,0
BRDA:171,9,1,0
BRDA:178,10,0,0
BRDA:178,10,1,0
BRDA:178,10,2,0
BRDA:234,11,0,0
BRDA:234,11,1,0
BRDA:258,12,0,0
BRDA:258,12,1,0
BRDA:263,13,0,0
BRDA:263,13,1,0
BRDA:294,14,0,0
BRDA:294,14,1,0
BRDA:300,15,0,0
BRDA:300,15,1,0
BRDA:306,16,0,0
BRDA:306,16,1,0
BRDA:312,17,0,0
BRDA:312,17,1,0
BRDA:318,18,0,0
BRDA:318,18,1,0
BRF:44
BRH:0
end_of_record
TN:
SF:frontend\src\components\Staff\Supervisor\DashboardSubComponents\Actions.js
FN:23,(anonymous_0)
FN:37,(anonymous_1)
FN:38,(anonymous_2)
FN:39,(anonymous_3)
FN:40,(anonymous_4)
FN:43,(anonymous_5)
FN:44,(anonymous_6)
FN:50,(anonymous_7)
FN:52,(anonymous_8)
FN:54,(anonymous_9)
FN:58,(anonymous_10)
FN:60,(anonymous_11)
FN:68,(anonymous_12)
FN:70,(anonymous_13)
FN:81,(anonymous_14)
FN:87,(anonymous_15)
FN:88,(anonymous_16)
FN:133,(anonymous_17)
FN:161,(anonymous_18)
FN:188,(anonymous_19)
FN:207,(anonymous_20)
FNF:21
FNH:0
FNDA:0,(anonymous_0)
FNDA:0,(anonymous_1)
FNDA:0,(anonymous_2)
FNDA:0,(anonymous_3)
FNDA:0,(anonymous_4)
FNDA:0,(anonymous_5)
FNDA:0,(anonymous_6)
FNDA:0,(anonymous_7)
FNDA:0,(anonymous_8)
FNDA:0,(anonymous_9)
FNDA:0,(anonymous_10)
FNDA:0,(anonymous_11)
FNDA:0,(anonymous_12)
FNDA:0,(anonymous_13)
FNDA:0,(anonymous_14)
FNDA:0,(anonymous_15)
FNDA:0,(anonymous_16)
FNDA:0,(anonymous_17)
FNDA:0,(anonymous_18)
FNDA:0,(anonymous_19)
FNDA:0,(anonymous_20)
DA:19,10
DA:20,10
DA:21,10
DA:23,10
DA:24,0
DA:25,0
DA:26,0
DA:28,0
DA:29,0
DA:30,0
DA:31,0
DA:32,0
DA:34,0
DA:35,0
DA:37,0
DA:38,0
DA:39,0
DA:40,0
DA:41,0
DA:43,0
DA:44,0
DA:45,0
DA:46,0
DA:50,0
DA:52,0
DA:53,0
DA:54,0
DA:55,0
DA:58,0
DA:60,0
DA:61,0
DA:68,0
DA:70,0
DA:71,0
DA:82,0
DA:87,0
DA:89,0
DA:94,0
DA:98,0
DA:107,0
DA:110,0
DA:134,0
DA:162,0
DA:188,0
DA:207,0
LF:45
LH:4
BRDA:113,0,0,0
BRDA:113,0,1,0
BRDA:117,1,0,0
BRDA:117,1,1,0
BRDA:167,2,0,0
BRDA:167,2,1,0
BRF:6
BRH:0
end_of_record
TN:
SF:frontend\src\components\Staff\Supervisor\DashboardSubComponents\CarouselView.js
FN:13,(anonymous_0)
FN:15,(anonymous_1)
FN:16,(anonymous_2)
FNF:3
FNH:3
FNDA:9,(anonymous_0)
FNDA:3,(anonymous_1)
FNDA:1,(anonymous_2)
DA:4,10
DA:13,10
DA:14,9
DA:15,8
DA:16,3
DA:17,1
DA:20,8
LF:7
LH:7
BRDA:23,0,0,8
BRDA:23,0,1,8
BRDA:28,1,0,0
BRDA:28,1,1,8
BRDA:28,2,0,8
BRDA:28,2,1,8
BRDA:39,3,0,0
BRDA:39,3,1,8
BRDA:39,4,0,8
BRDA:39,4,1,8
BRDA:50,5,0,0
BRDA:50,5,1,8
BRDA:50,6,0,8
BRDA:50,6,1,8
BRDA:61,7,0,0
BRDA:61,7,1,8
BRDA:61,8,0,8
BRDA:61,8,1,8
BRF:18
BRH:14
end_of_record
TN:
SF:frontend\src\components\Staff\Supervisor\DashboardSubComponents\ChatWithGroups.js
FN:9,(anonymous_0)
FN:17,(anonymous_1)
FN:23,(anonymous_2)
FN:28,(anonymous_3)
FN:29,(anonymous_4)
FN:44,(anonymous_5)
FN:47,(anonymous_6)
FN:56,(anonymous_7)
FN:66,(anonymous_8)
FN:77,(anonymous_9)
FN:90,(anonymous_10)
FN:97,(anonymous_11)
FN:99,(anonymous_12)
FN:101,(anonymous_13)
FN:104,(anonymous_14)
FN:137,(anonymous_15)
FN:138,(anonymous_16)
FN:141,(anonymous_17)
FN:159,(anonymous_18)
FN:175,(anonymous_19)
FN:191,(anonymous_20)
FN:207,(anonymous_21)
FNF:22
FNH:0
FNDA:0,(anonymous_0)
FNDA:0,(anonymous_1)
FNDA:0,(anonymous_2)
FNDA:0,(anonymous_3)
FNDA:0,(anonymous_4)
FNDA:0,(anonymous_5)
FNDA:0,(anonymous_6)
FNDA:0,(anonymous_7)
FNDA:0,(anonymous_8)
FNDA:0,(anonymous_9)
FNDA:0,(anonymous_10)
FNDA:0,(anonymous_11)
FNDA:0,(anonymous_12)
FNDA:0,(anonymous_13)
FNDA:0,(anonymous_14)
FNDA:0,(anonymous_15)
FNDA:0,(anonymous_16)
FNDA:0,(anonymous_17)
FNDA:0,(anonymous_18)
FNDA:0,(anonymous_19)
FNDA:0,(anonymous_20)
FNDA:0,(anonymous_21)
DA:9,10
DA:10,0
DA:11,0
DA:13,0
DA:14,0
DA:15,0
DA:17,0
DA:18,0
DA:19,0
DA:20,0
DA:23,0
DA:24,0
DA:25,0
DA:28,0
DA:35,0
DA:45,0
DA:47,0
DA:56,0
DA:66,0
DA:78,0
DA:81,0
DA:82,0
DA:91,0
DA:98,0
DA:100,0
DA:101,0
DA:105,0
DA:137,0
DA:138,0
DA:139,0
DA:142,0
DA:143,0
DA:147,0
DA:160,0
DA:176,0
DA:192,0
DA:208,0
DA:221,0
LF:38
LH:1
BRDA:45,0,0,0
BRDA:45,0,1,0
BRDA:66,1,0,0
BRDA:66,1,1,0
BRDA:93,2,0,0
BRDA:93,2,1,0
BRDA:100,3,0,0
BRDA:100,3,1,0
BRDA:105,4,0,0
BRDA:105,4,1,0
BRDA:114,5,0,0
BRDA:114,5,1,0
BRF:12
BRH:0
end_of_record
TN:
SF:frontend\src\components\Staff\Supervisor\DashboardSubComponents\EvaluateDocuments.js
FN:10,(anonymous_0)
FN:13,(anonymous_1)
FNF:2
FNH:0
FNDA:0,(anonymous_0)
FNDA:0,(anonymous_1)
DA:8,10
DA:10,10
DA:11,0
DA:13,0
DA:14,0
LF:5
LH:2
BRF:0
BRH:0
end_of_record
TN:
SF:frontend\src\components\Staff\Supervisor\DashboardSubComponents\EvaluationHistory.js
FN:13,(anonymous_0)
FN:24,(anonymous_1)
FN:36,(anonymous_2)
FN:49,(anonymous_3)
FN:55,(anonymous_4)
FN:58,(anonymous_5)
FN:64,(anonymous_6)
FN:65,(anonymous_7)
FN:68,(anonymous_8)
FNF:9
FNH:0
FNDA:0,(anonymous_0)
FNDA:0,(anonymous_1)
FNDA:0,(anonymous_2)
FNDA:0,(anonymous_3)
FNDA:0,(anonymous_4)
FNDA:0,(anonymous_5)
FNDA:0,(anonymous_6)
FNDA:0,(anonymous_7)
FNDA:0,(anonymous_8)
DA:8,10
DA:13,0
DA:25,0
DA:37,0
DA:49,0
DA:55,0
DA:58,10
DA:59,0
DA:60,0
DA:62,0
DA:64,0
DA:65,0
DA:66,0
DA:69,0
DA:70,0
DA:73,0
LF:16
LH:2
BRDA:26,0,0,0
BRDA:26,0,1,0
BRF:2
BRH:0
end_of_record
TN:
SF:frontend\src\components\Staff\Supervisor\DashboardSubComponents\ResearchTopics.js
FN:17,ResearchTopics
FN:25,(anonymous_1)
FN:26,(anonymous_2)
FN:27,(anonymous_3)
FN:28,(anonymous_4)
FN:33,(anonymous_5)
FN:52,(anonymous_6)
FN:79,(anonymous_7)
FN:80,(anonymous_8)
FN:84,(anonymous_9)
FN:87,(anonymous_10)
FN:100,(anonymous_11)
FN:106,(anonymous_12)
FN:111,(anonymous_13)
FN:112,(anonymous_14)
FN:115,(anonymous_15)
FN:119,(anonymous_16)
FN:120,(anonymous_17)
FN:123,(anonymous_18)
FN:143,(anonymous_19)
FN:171,(anonymous_20)
FN:206,(anonymous_21)
FN:277,(anonymous_22)
FN:306,(anonymous_23)
FN:315,(anonymous_24)
FNF:25
FNH:0
FNDA:0,ResearchTopics
FNDA:0,(anonymous_1)
FNDA:0,(anonymous_2)
FNDA:0,(anonymous_3)
FNDA:0,(anonymous_4)
FNDA:0,(anonymous_5)
FNDA:0,(anonymous_6)
FNDA:0,(anonymous_7)
FNDA:0,(anonymous_8)
FNDA:0,(anonymous_9)
FNDA:0,(anonymous_10)
FNDA:0,(anonymous_11)
FNDA:0,(anonymous_12)
FNDA:0,(anonymous_13)
FNDA:0,(anonymous_14)
FNDA:0,(anonymous_15)
FNDA:0,(anonymous_16)
FNDA:0,(anonymous_17)
FNDA:0,(anonymous_18)
FNDA:0,(anonymous_19)
FNDA:0,(anonymous_20)
FNDA:0,(anonymous_21)
FNDA:0,(anonymous_22)
FNDA:0,(anonymous_23)
FNDA:0,(anonymous_24)
DA:18,0
DA:19,0
DA:20,0
DA:21,0
DA:22,0
DA:23,0
DA:25,0
DA:26,0
DA:27,0
DA:28,0
DA:29,0
DA:33,0
DA:34,0
DA:35,0
DA:36,0
DA:37,0
DA:38,0
DA:39,0
DA:40,0
DA:41,0
DA:42,0
DA:44,0
DA:46,0
DA:53,0
DA:54,0
DA:60,0
DA:67,0
DA:77,0
DA:80,0
DA:81,0
DA:82,0
DA:84,0
DA:87,0
DA:88,0
DA:89,0
DA:90,0
DA:91,0
DA:92,0
DA:93,0
DA:95,0
DA:96,0
DA:100,0
DA:101,0
DA:102,0
DA:103,0
DA:106,0
DA:107,0
DA:108,0
DA:109,0
DA:112,0
DA:113,0
DA:115,0
DA:117,0
DA:120,0
DA:121,0
DA:123,0
DA:126,0
DA:144,0
DA:171,0
DA:206,0
DA:277,0
DA:306,0
DA:315,0
LF:63
LH:0
BRDA:41,0,0,0
BRDA:41,0,1,0
BRDA:53,1,0,0
BRDA:53,1,1,0
BRDA:88,2,0,0
BRDA:88,2,1,0
BRDA:91,3,0,0
BRDA:91,3,1,0
BRDA:108,4,0,0
BRDA:108,4,1,0
BRDA:133,5,0,0
BRDA:133,5,1,0
BRDA:139,6,0,0
BRDA:139,6,1,0
BRDA:150,7,0,0
BRDA:150,7,1,0
BRDA:154,8,0,0
BRDA:154,8,1,0
BRDA:168,9,0,0
BRDA:168,9,1,0
BRDA:168,9,2,0
BRDA:179,10,0,0
BRDA:179,10,1,0
BRDA:192,11,0,0
BRDA:192,11,1,0
BRDA:203,12,0,0
BRDA:203,12,1,0
BRDA:203,12,2,0
BRDA:212,13,0,0
BRDA:212,13,1,0
BRDA:266,14,0,0
BRDA:266,14,1,0
BRDA:275,15,0,0
BRDA:275,15,1,0
BRDA:290,16,0,0
BRDA:290,16,1,0
BRDA:292,17,0,0
BRDA:292,17,1,0
BRDA:301,18,0,0
BRDA:301,18,1,0
BRF:40
BRH:0
end_of_record
TN:
SF:frontend\src\components\Staff\Supervisor\DashboardSubComponents\SingleChat.js
FN:20,(anonymous_0)
FN:36,(anonymous_1)
FN:37,(anonymous_2)
FN:40,(anonymous_3)
FN:46,(anonymous_4)
FN:52,(anonymous_5)
FN:58,(anonymous_6)
FN:66,(anonymous_7)
FN:73,(anonymous_8)
FN:82,(anonymous_9)
FN:88,(anonymous_10)
FN:94,(anonymous_11)
FN:100,(anonymous_12)
FN:115,(anonymous_13)
FN:118,(anonymous_14)
FN:124,(anonymous_15)
FN:137,(anonymous_16)
FN:210,(anonymous_17)
FN:238,(anonymous_18)
FN:254,(anonymous_19)
FN:259,(anonymous_20)
FN:283,(anonymous_21)
FN:293,(anonymous_22)
FNF:23
FNH:0
FNDA:0,(anonymous_0)
FNDA:0,(anonymous_1)
FNDA:0,(anonymous_2)
FNDA:0,(anonymous_3)
FNDA:0,(anonymous_4)
FNDA:0,(anonymous_5)
FNDA:0,(anonymous_6)
FNDA:0,(anonymous_7)
FNDA:0,(anonymous_8)
FNDA:0,(anonymous_9)
FNDA:0,(anonymous_10)
FNDA:0,(anonymous_11)
FNDA:0,(anonymous_12)
FNDA:0,(anonymous_13)
FNDA:0,(anonymous_14)
FNDA:0,(anonymous_15)
FNDA:0,(anonymous_16)
FNDA:0,(anonymous_17)
FNDA:0,(anonymous_18)
FNDA:0,(anonymous_19)
FNDA:0,(anonymous_20)
FNDA:0,(anonymous_21)
FNDA:0,(anonymous_22)
DA:20,10
DA:21,0
DA:22,0
DA:23,0
DA:24,0
DA:26,0
DA:27,0
DA:29,0
DA:30,0
DA:31,0
DA:33,0
DA:34,0
DA:36,0
DA:37,0
DA:38,0
DA:41,0
DA:42,0
DA:47,0
DA:48,0
DA:50,0
DA:53,0
DA:58,0
DA:59,0
DA:67,0
DA:71,0
DA:74,0
DA:78,0
DA:82,0
DA:83,0
DA:84,0
DA:85,0
DA:88,0
DA:89,0
DA:90,0
DA:95,0
DA:101,0
DA:106,0
DA:108,0
DA:109,0
DA:115,0
DA:116,0
DA:119,0
DA:125,0
DA:130,0
DA:133,0
DA:138,0
DA:210,0
DA:239,0
DA:254,0
DA:259,0
DA:283,0
DA:293,0
LF:52
LH:1
BRDA:89,0,0,0
BRDA:89,0,1,0
BRDA:108,1,0,0
BRDA:108,1,1,0
BRDA:148,2,0,0
BRDA:148,2,1,0
BRDA:154,3,0,0
BRDA:154,3,1,0
BRDA:174,4,0,0
BRDA:174,4,1,0
BRDA:174,4,2,0
BRDA:174,4,3,0
BRDA:227,5,0,0
BRDA:227,5,1,0
BRDA:229,6,0,0
BRDA:229,6,1,0
BRDA:241,7,0,0
BRDA:241,7,1,0
BRDA:246,8,0,0
BRDA:246,8,1,0
BRDA:264,9,0,0
BRDA:264,9,1,0
BRDA:270,10,0,0
BRDA:270,10,1,0
BRDA:270,11,0,0
BRDA:270,11,1,0
BRDA:277,12,0,0
BRDA:277,12,1,0
BRDA:277,13,0,0
BRDA:277,13,1,0
BRDA:286,14,0,0
BRDA:286,14,1,0
BRDA:286,14,2,0
BRF:33
BRH:0
end_of_record
TN:
SF:frontend\src\components\Student\Dashboard.js
FN:26,(anonymous_0)
FN:42,(anonymous_1)
FN:46,(anonymous_2)
FN:73,(anonymous_3)
FN:96,(anonymous_4)
FN:106,(anonymous_5)
FN:110,(anonymous_6)
FN:132,(anonymous_7)
FN:151,(anonymous_8)
FN:207,(anonymous_9)
FN:221,(anonymous_10)
FN:237,(anonymous_11)
FN:253,(anonymous_12)
FN:311,(anonymous_13)
FNF:14
FNH:4
FNDA:10,(anonymous_0)
FNDA:0,(anonymous_1)
FNDA:4,(anonymous_2)
FNDA:2,(anonymous_3)
FNDA:0,(anonymous_4)
FNDA:0,(anonymous_5)
FNDA:0,(anonymous_6)
FNDA:0,(anonymous_7)
FNDA:0,(anonymous_8)
FNDA:1,(anonymous_9)
FNDA:0,(anonymous_10)
FNDA:0,(anonymous_11)
FNDA:0,(anonymous_12)
FNDA:0,(anonymous_13)
DA:24,10
DA:26,10
DA:27,10
DA:28,10
DA:30,10
DA:32,10
DA:33,10
DA:37,10
DA:38,0
DA:39,0
DA:40,0
DA:42,10
DA:43,0
DA:46,10
DA:47,4
DA:51,1
DA:52,1
DA:56,0
DA:57,0
DA:61,0
DA:62,0
DA:66,0
DA:67,0
DA:69,3
DA:73,10
DA:74,2
DA:76,0
DA:77,0
DA:79,0
DA:80,0
DA:82,0
DA:83,0
DA:85,0
DA:86,0
DA:88,0
DA:89,0
DA:91,2
DA:92,2
DA:96,10
DA:97,0
DA:98,0
DA:99,0
DA:100,0
DA:101,0
DA:105,10
DA:106,10
DA:107,0
DA:110,10
DA:111,0
DA:114,10
DA:133,0
DA:138,0
DA:152,0
DA:157,0
DA:208,1
DA:209,1
DA:222,0
DA:223,0
DA:238,0
DA:239,0
DA:254,0
DA:255,0
DA:311,0
LF:63
LH:25
BRDA:37,0,0,10
BRDA:37,0,1,0
BRDA:38,1,0,0
BRDA:38,1,1,0
BRDA:38,2,0,0
BRDA:38,2,1,0
BRDA:39,3,0,0
BRDA:39,3,1,0
BRDA:39,4,0,0
BRDA:39,4,1,0
BRDA:47,5,0,1
BRDA:47,5,1,0
BRDA:47,5,2,0
BRDA:47,5,3,0
BRDA:47,5,4,3
BRDA:74,6,0,0
BRDA:74,6,1,0
BRDA:74,6,2,0
BRDA:74,6,3,0
BRDA:74,6,4,0
BRDA:74,6,5,2
BRDA:128,7,0,10
BRDA:128,7,1,0
BRDA:176,8,0,2
BRDA:176,8,1,8
BRDA:181,9,0,0
BRDA:181,9,1,8
BRDA:188,10,0,0
BRDA:188,10,1,8
BRDA:195,11,0,8
BRDA:195,11,1,8
BRDA:195,11,2,0
BRDA:269,12,0,10
BRDA:269,12,1,0
BRDA:293,13,0,8
BRDA:293,13,1,2
BRDA:298,14,0,2
BRDA:298,14,1,0
BRDA:329,15,0,10
BRDA:329,15,1,8
BRDA:335,16,0,10
BRDA:335,16,1,2
BRDA:341,17,0,10
BRDA:341,17,1,0
BRDA:347,18,0,10
BRDA:347,18,1,0
BRDA:353,19,0,10
BRDA:353,19,1,0
BRDA:359,20,0,10
BRDA:359,20,1,0
BRF:50
BRH:23
end_of_record
TN:
SF:frontend\src\components\Student\RequestSupervisor.js
FN:7,(anonymous_0)
FN:19,(anonymous_1)
FN:34,(anonymous_2)
FN:37,(anonymous_3)
FN:44,(anonymous_4)
FN:78,(anonymous_5)
FN:91,(anonymous_6)
FN:104,(anonymous_7)
FN:119,(anonymous_8)
FN:133,(anonymous_9)
FN:146,(anonymous_10)
FNF:11
FNH:0
FNDA:0,(anonymous_0)
FNDA:0,(anonymous_1)
FNDA:0,(anonymous_2)
FNDA:0,(anonymous_3)
FNDA:0,(anonymous_4)
FNDA:0,(anonymous_5)
FNDA:0,(anonymous_6)
FNDA:0,(anonymous_7)
FNDA:0,(anonymous_8)
FNDA:0,(anonymous_9)
FNDA:0,(anonymous_10)
DA:7,10
DA:8,0
DA:9,0
DA:10,0
DA:11,0
DA:12,0
DA:13,0
DA:15,0
DA:17,0
DA:19,0
DA:20,0
DA:22,0
DA:32,0
DA:35,0
DA:38,0
DA:39,0
DA:44,0
DA:45,0
DA:46,0
DA:47,0
DA:48,0
DA:49,0
DA:50,0
DA:51,0
DA:56,0
DA:79,0
DA:92,0
DA:105,0
DA:120,0
DA:134,0
DA:147,0
LF:31
LH:1
BRDA:38,0,0,0
BRDA:38,0,1,0
BRF:2
BRH:0
end_of_record
TN:
SF:frontend\src\components\Student\StudentGroup.js
FN:7,(anonymous_0)
FN:19,(anonymous_1)
FN:35,(anonymous_2)
FN:38,(anonymous_3)
FN:45,(anonymous_4)
FN:82,(anonymous_5)
FN:94,(anonymous_6)
FN:106,(anonymous_7)
FN:118,(anonymous_8)
FN:130,(anonymous_9)
FN:142,(anonymous_10)
FN:154,(anonymous_11)
FN:166,(anonymous_12)
FN:178,(anonymous_13)
FNF:14
FNH:12
FNDA:356,(anonymous_0)
FNDA:1,(anonymous_1)
FNDA:1,(anonymous_2)
FNDA:0,(anonymous_3)
FNDA:0,(anonymous_4)
FNDA:25,(anonymous_5)
FNDA:24,(anonymous_6)
FNDA:14,(anonymous_7)
FNDA:24,(anonymous_8)
FNDA:14,(anonymous_9)
FNDA:24,(anonymous_10)
FNDA:14,(anonymous_11)
FNDA:24,(anonymous_12)
FNDA:14,(anonymous_13)
DA:7,10
DA:8,356
DA:9,356
DA:10,356
DA:11,356
DA:12,356
DA:14,356
DA:15,356
DA:16,356
DA:17,356
DA:19,356
DA:20,1
DA:22,1
DA:33,1
DA:36,1
DA:39,0
DA:40,0
DA:45,356
DA:46,0
DA:47,0
DA:48,0
DA:49,0
DA:50,0
DA:51,0
DA:53,0
DA:54,0
DA:55,0
DA:56,0
DA:59,356
DA:83,25
DA:95,24
DA:107,14
DA:119,24
DA:131,14
DA:143,24
DA:155,14
DA:167,24
DA:179,14
LF:38
LH:26
BRDA:39,0,0,0
BRDA:39,0,1,0
BRF:2
BRH:0
end_of_record
TN:
SF:frontend\src\components\Student\SubmitDocument.js
FN:8,(anonymous_0)
FN:14,(anonymous_1)
FN:75,(anonymous_2)
FNF:3
FNH:0
FNDA:0,(anonymous_0)
FNDA:0,(anonymous_1)
FNDA:0,(anonymous_2)
DA:8,10
DA:9,0
DA:10,0
DA:12,0
DA:14,0
DA:15,0
DA:16,0
DA:18,0
DA:20,0
DA:22,0
DA:23,0
DA:26,0
DA:30,0
DA:31,0
DA:32,0
DA:34,0
DA:35,0
DA:38,0
DA:42,0
DA:76,0
DA:77,0
LF:21
LH:1
BRDA:30,0,0,0
BRDA:30,0,1,0
BRDA:34,1,0,0
BRDA:34,1,1,0
BRF:4
BRH:0
end_of_record
TN:
SF:frontend\src\components\Student\SubmitPresentation.js
FN:8,(anonymous_0)
FN:18,(anonymous_1)
FN:72,(anonymous_2)
FN:84,(anonymous_3)
FN:106,(anonymous_4)
FNF:5
FNH:0
FNDA:0,(anonymous_0)
FNDA:0,(anonymous_1)
FNDA:0,(anonymous_2)
FNDA:0,(anonymous_3)
FNDA:0,(anonymous_4)
DA:8,10
DA:9,0
DA:10,0
DA:14,0
DA:15,0
DA:16,0
DA:18,0
DA:19,0
DA:20,0
DA:22,0
DA:24,0
DA:25,0
DA:26,0
DA:28,0
DA:29,0
DA:32,0
DA:39,0
DA:40,0
DA:41,0
DA:43,0
DA:44,0
DA:47,0
DA:51,0
DA:73,0
DA:85,0
DA:107,0
DA:108,0
LF:27
LH:1
BRDA:39,0,0,0
BRDA:39,0,1,0
BRDA:43,1,0,0
BRDA:43,1,1,0
BRF:4
BRH:0
end_of_record
TN:
SF:frontend\src\components\constant\index.js
FNF:0
FNH:0
DA:1,10
LF:1
LH:1
BRF:0
BRH:0
end_of_record
TN:
SF:frontend\src\routes\PageNotFound.js
FN:4,(anonymous_0)
FNF:1
FNH:0
FNDA:0,(anonymous_0)
DA:4,10
DA:5,0
LF:2
LH:1
BRF:0
BRH:0
end_of_record
TN:
SF:frontend\src\routes\PrivateRoute.js
FN:6,PrivateRoute
FN:8,(anonymous_1)
FN:9,(anonymous_2)
FNF:3
FNH:3
FNDA:12,PrivateRoute
FNDA:3,(anonymous_1)
FNDA:1,(anonymous_2)
DA:7,12
DA:8,12
DA:9,3
DA:12,12
DA:13,0
DA:30,12
LF:6
LH:5
BRDA:12,0,0,0
BRDA:12,0,1,12
BRDA:15,1,0,0
BRDA:15,1,1,0
BRF:4
BRH:1
end_of_record
